{"/Users/johnson/development/coingecko/nft-manager-gh/src/env.d.ts": {"path":"/Users/johnson/development/coingecko/nft-manager-gh/src/env.d.ts","statementMap":{},"fnMap":{},"branchMap":{},"s":{},"f":{},"b":{}}
,"/Users/johnson/development/coingecko/nft-manager-gh/src/shims-vue.d.ts": {"path":"/Users/johnson/development/coingecko/nft-manager-gh/src/shims-vue.d.ts","statementMap":{},"fnMap":{},"branchMap":{},"s":{},"f":{},"b":{}}
,"/Users/johnson/development/coingecko/nft-manager-gh/src/types.d.ts": {"path":"/Users/johnson/development/coingecko/nft-manager-gh/src/types.d.ts","statementMap":{},"fnMap":{},"branchMap":{},"s":{},"f":{},"b":{}}
,"/Users/johnson/development/coingecko/nft-manager-gh/src-pwa/custom-service-worker.js": {"path":"/Users/johnson/development/coingecko/nft-manager-gh/src-pwa/custom-service-worker.js","statementMap":{},"fnMap":{},"branchMap":{},"s":{},"f":{},"b":{}}
,"/Users/johnson/development/coingecko/nft-manager-gh/src-pwa/register-service-worker.js": {"path":"/Users/johnson/development/coingecko/nft-manager-gh/src-pwa/register-service-worker.js","statementMap":{"0":{"start":{"line":8,"column":0},"end":{"line":36,"column":3}},"1":{"start":{"line":10,"column":4},"end":{"line":10,"column":71}},"2":{"start":{"line":14,"column":4},"end":{"line":14,"column":55}},"3":{"start":{"line":18,"column":4},"end":{"line":18,"column":60}},"4":{"start":{"line":22,"column":4},"end":{"line":22,"column":47}},"5":{"start":{"line":26,"column":4},"end":{"line":26,"column":61}},"6":{"start":{"line":29,"column":4},"end":{"line":31,"column":6}},"7":{"start":{"line":34,"column":4},"end":{"line":34,"column":68}}},"fnMap":{"0":{"name":"(anonymous_0)","decl":{"start":{"line":9,"column":2},"end":{"line":9,"column":3}},"loc":{"start":{"line":9,"column":10},"end":{"line":11,"column":3}},"line":9},"1":{"name":"(anonymous_1)","decl":{"start":{"line":12,"column":2},"end":{"line":12,"column":3}},"loc":{"start":{"line":12,"column":27},"end":{"line":15,"column":3}},"line":12},"2":{"name":"(anonymous_2)","decl":{"start":{"line":16,"column":2},"end":{"line":16,"column":3}},"loc":{"start":{"line":16,"column":23},"end":{"line":19,"column":3}},"line":16},"3":{"name":"(anonymous_3)","decl":{"start":{"line":20,"column":2},"end":{"line":20,"column":3}},"loc":{"start":{"line":20,"column":28},"end":{"line":23,"column":3}},"line":20},"4":{"name":"(anonymous_4)","decl":{"start":{"line":24,"column":2},"end":{"line":24,"column":3}},"loc":{"start":{"line":24,"column":24},"end":{"line":27,"column":3}},"line":24},"5":{"name":"(anonymous_5)","decl":{"start":{"line":28,"column":2},"end":{"line":28,"column":3}},"loc":{"start":{"line":28,"column":12},"end":{"line":32,"column":3}},"line":28},"6":{"name":"(anonymous_6)","decl":{"start":{"line":33,"column":2},"end":{"line":33,"column":3}},"loc":{"start":{"line":33,"column":13},"end":{"line":35,"column":3}},"line":33}},"branchMap":{},"s":{"0":0,"1":0,"2":0,"3":0,"4":0,"5":0,"6":0,"7":0},"f":{"0":0,"1":0,"2":0,"3":0,"4":0,"5":0,"6":0},"b":{}}
,"/Users/johnson/development/coingecko/nft-manager-gh/src/boot/a2hs.ts": {"path":"/Users/johnson/development/coingecko/nft-manager-gh/src/boot/a2hs.ts","statementMap":{"0":{"start":{"line":2,"column":0},"end":{"line":2,"column":30}},"1":{"start":{"line":3,"column":0},"end":{"line":3,"column":41}},"2":{"start":{"line":6,"column":0},"end":{"line":14,"column":2}},"3":{"start":{"line":6,"column":24},"end":{"line":6,"column":27}},"4":{"start":{"line":6,"column":29},"end":{"line":6,"column":35}},"5":{"start":{"line":6,"column":37},"end":{"line":6,"column":40}},"6":{"start":{"line":7,"column":2},"end":{"line":13,"column":5}},"7":{"start":{"line":9,"column":4},"end":{"line":9,"column":23}},"8":{"start":{"line":11,"column":4},"end":{"line":11,"column":30}},"9":{"start":{"line":12,"column":4},"end":{"line":12,"column":65}}},"fnMap":{"0":{"name":"(anonymous_16)","decl":{"start":{"line":7,"column":49},"end":{"line":7,"column":50}},"loc":{"start":{"line":7,"column":56},"end":{"line":13,"column":3}}}},"branchMap":{},"s":{"0":0,"1":0,"2":0,"3":0,"4":0,"5":0,"6":0,"7":0,"8":0,"9":0},"f":{"0":0},"b":{}}
,"/Users/johnson/development/coingecko/nft-manager-gh/src/boot/i18n.ts": {"path":"/Users/johnson/development/coingecko/nft-manager-gh/src/boot/i18n.ts","statementMap":{"0":{"start":{"line":1,"column":0},"end":{"line":1,"column":32}},"1":{"start":{"line":2,"column":0},"end":{"line":2,"column":31}},"2":{"start":{"line":20,"column":9},"end":{"line":20,"column":13}},"3":{"start":{"line":7,"column":0},"end":{"line":18,"column":2}},"4":{"start":{"line":7,"column":24},"end":{"line":7,"column":27}},"5":{"start":{"line":7,"column":29},"end":{"line":7,"column":32}},"6":{"start":{"line":8,"column":2},"end":{"line":8,"column":19}},"7":{"start":{"line":11,"column":2},"end":{"line":15,"column":5}},"8":{"start":{"line":17,"column":2},"end":{"line":17,"column":18}}},"fnMap":{},"branchMap":{},"s":{"0":0,"1":0,"2":0,"3":0,"4":0,"5":0,"6":0,"7":0,"8":0},"f":{},"b":{}}
,"/Users/johnson/development/coingecko/nft-manager-gh/src/boot/pleaseWait.ts": {"path":"/Users/johnson/development/coingecko/nft-manager-gh/src/boot/pleaseWait.ts","statementMap":{"0":{"start":{"line":1,"column":0},"end":{"line":1,"column":null}},"1":{"start":{"line":2,"column":0},"end":{"line":2,"column":29}},"2":{"start":{"line":4,"column":8},"end":{"line":4,"column":13}},"3":{"start":{"line":7,"column":0},"end":{"line":13,"column":2}},"4":{"start":{"line":7,"column":24},"end":{"line":7,"column":27}},"5":{"start":{"line":7,"column":29},"end":{"line":7,"column":35}},"6":{"start":{"line":7,"column":37},"end":{"line":7,"column":40}},"7":{"start":{"line":9,"column":2},"end":{"line":12,"column":5}},"8":{"start":{"line":11,"column":4},"end":{"line":11,"column":35}}},"fnMap":{"0":{"name":"(anonymous_15)","decl":{"start":{"line":9,"column":8},"end":{"line":9,"column":null}},"loc":{"start":{"line":9,"column":8},"end":{"line":12,"column":3}}}},"branchMap":{},"s":{"0":0,"1":0,"2":0,"3":0,"4":0,"5":0,"6":0,"7":0,"8":0},"f":{"0":0},"b":{}}
,"/Users/johnson/development/coingecko/nft-manager-gh/src/boot/polyfill.ts": {"path":"/Users/johnson/development/coingecko/nft-manager-gh/src/boot/polyfill.ts","statementMap":{"0":{"start":{"line":1,"column":0},"end":{"line":1,"column":47}},"1":{"start":{"line":4,"column":0},"end":{"line":14,"column":2}},"2":{"start":{"line":4,"column":24},"end":{"line":4,"column":27}},"3":{"start":{"line":4,"column":29},"end":{"line":4,"column":35}},"4":{"start":{"line":4,"column":37},"end":{"line":4,"column":40}},"5":{"start":{"line":6,"column":4},"end":{"line":12,"column":7}}},"fnMap":{},"branchMap":{},"s":{"0":0,"1":0,"2":0,"3":0,"4":0,"5":0},"f":{},"b":{}}
,"/Users/johnson/development/coingecko/nft-manager-gh/src/boot/storage.ts": {"path":"/Users/johnson/development/coingecko/nft-manager-gh/src/boot/storage.ts","statementMap":{"0":{"start":{"line":2,"column":0},"end":{"line":2,"column":null}},"1":{"start":{"line":3,"column":0},"end":{"line":3,"column":29}},"2":{"start":{"line":4,"column":0},"end":{"line":4,"column":38}},"3":{"start":{"line":5,"column":0},"end":{"line":5,"column":47}},"4":{"start":{"line":6,"column":0},"end":{"line":6,"column":42}},"5":{"start":{"line":8,"column":8},"end":{"line":8,"column":13}},"6":{"start":{"line":12,"column":0},"end":{"line":17,"column":2}},"7":{"start":{"line":12,"column":24},"end":{"line":12,"column":27}},"8":{"start":{"line":12,"column":29},"end":{"line":12,"column":35}},"9":{"start":{"line":12,"column":37},"end":{"line":12,"column":40}},"10":{"start":{"line":12,"column":42},"end":{"line":12,"column":47}},"11":{"start":{"line":13,"column":2},"end":{"line":16,"column":5}},"12":{"start":{"line":14,"column":15},"end":{"line":14,"column":null}},"13":{"start":{"line":14,"column":10},"end":{"line":14,"column":null}},"14":{"start":{"line":15,"column":4},"end":{"line":15,"column":59}}},"fnMap":{},"branchMap":{},"s":{"0":0,"1":0,"2":0,"3":0,"4":0,"5":0,"6":0,"7":0,"8":0,"9":0,"10":0,"11":0,"12":0,"13":0,"14":0},"f":{},"b":{}}
,"/Users/johnson/development/coingecko/nft-manager-gh/src/boot/sync.ts": {"path":"/Users/johnson/development/coingecko/nft-manager-gh/src/boot/sync.ts","statementMap":{"0":{"start":{"line":1,"column":0},"end":{"line":1,"column":40}},"1":{"start":{"line":5,"column":0},"end":{"line":7,"column":2}},"2":{"start":{"line":5,"column":24},"end":{"line":5,"column":27}},"3":{"start":{"line":5,"column":29},"end":{"line":5,"column":35}},"4":{"start":{"line":5,"column":37},"end":{"line":5,"column":40}},"5":{"start":{"line":5,"column":42},"end":{"line":5,"column":47}},"6":{"start":{"line":6,"column":2},"end":{"line":6,"column":22}}},"fnMap":{},"branchMap":{},"s":{"0":0,"1":0,"2":0,"3":0,"4":0,"5":0,"6":0},"f":{},"b":{}}
,"/Users/johnson/development/coingecko/nft-manager-gh/src/boot/web3.ts": {"path":"/Users/johnson/development/coingecko/nft-manager-gh/src/boot/web3.ts","statementMap":{"0":{"start":{"line":1,"column":0},"end":{"line":1,"column":55}},"1":{"start":{"line":45,"column":9},"end":{"line":45,"column":21}},"2":{"start":{"line":7,"column":25},"end":{"line":7,"column":27}},"3":{"start":{"line":10,"column":0},"end":{"line":43,"column":2}},"4":{"start":{"line":10,"column":24},"end":{"line":10,"column":27}},"5":{"start":{"line":11,"column":2},"end":{"line":11,"column":33}}},"fnMap":{},"branchMap":{},"s":{"0":0,"1":0,"2":0,"3":0,"4":0,"5":0},"f":{},"b":{}}
,"/Users/johnson/development/coingecko/nft-manager-gh/src/components/Index/Auth.vue": {"path":"/Users/johnson/development/coingecko/nft-manager-gh/src/components/Index/Auth.vue","statementMap":{"0":{"start":{"line":59,"column":0},"end":{"line":59,"column":null}},"1":{"start":{"line":60,"column":0},"end":{"line":60,"column":null}},"2":{"start":{"line":61,"column":0},"end":{"line":61,"column":null}},"3":{"start":{"line":62,"column":0},"end":{"line":62,"column":null}},"4":{"start":{"line":63,"column":0},"end":{"line":63,"column":null}},"5":{"start":{"line":65,"column":0},"end":{"line":68,"column":null}},"6":{"start":{"line":68,"column":0},"end":{"line":68,"column":null}},"7":{"start":{"line":92,"column":0},"end":{"line":130,"column":null}},"8":{"start":{"line":92,"column":0},"end":{"line":92,"column":null}},"9":{"start":{"line":71,"column":0},"end":{"line":71,"column":null}},"10":{"start":{"line":94,"column":0},"end":{"line":103,"column":null}},"11":{"start":{"line":112,"column":0},"end":{"line":112,"column":null}},"12":{"start":{"line":119,"column":0},"end":{"line":119,"column":null}},"13":{"start":{"line":121,"column":0},"end":{"line":123,"column":null}},"14":{"start":{"line":122,"column":0},"end":{"line":122,"column":null}},"15":{"start":{"line":125,"column":0},"end":{"line":129,"column":null}},"16":{"start":{"line":126,"column":0},"end":{"line":126,"column":null}},"17":{"start":{"line":127,"column":0},"end":{"line":127,"column":null}},"18":{"start":{"line":128,"column":0},"end":{"line":128,"column":null}},"19":{"start":{"line":92,"column":0},"end":{"line":71,"column":null}},"20":{"start":{"line":130,"column":0},"end":{"line":130,"column":null}}},"fnMap":{"0":{"name":"(anonymous_22)","decl":{"start":{"line":68,"column":0},"end":{"line":68,"column":null}},"loc":{"start":{"line":68,"column":0},"end":{"line":68,"column":null}}},"1":{"name":"(anonymous_24)","decl":{"start":{"line":92,"column":0},"end":{"line":92,"column":null}},"loc":{"start":{"line":92,"column":0},"end":{"line":130,"column":null}}},"2":{"name":"AuthComponent","decl":{"start":{"line":71,"column":0},"end":{"line":71,"column":null}},"loc":{"start":{"line":71,"column":0},"end":{"line":130,"column":null}}},"3":{"name":"(anonymous_26)","decl":{"start":{"line":121,"column":0},"end":{"line":121,"column":null}},"loc":{"start":{"line":121,"column":0},"end":{"line":123,"column":null}}},"4":{"name":"(anonymous_27)","decl":{"start":{"line":125,"column":0},"end":{"line":125,"column":null}},"loc":{"start":{"line":125,"column":0},"end":{"line":129,"column":null}}}},"branchMap":{"0":{"loc":{"start":{"line":71,"column":0},"end":{"line":71,"column":null}},"type":"binary-expr","locations":[{"start":{"line":71,"column":0},"end":{"line":71,"column":null}},{"start":{"line":71,"column":0},"end":{"line":71,"column":null}},{"start":{"line":71,"column":0},"end":{"line":71,"column":null}}]}},"s":{"0":0,"1":0,"2":0,"3":0,"4":0,"5":0,"6":0,"7":0,"8":0,"9":0,"10":0,"11":0,"12":0,"13":0,"14":0,"15":0,"16":0,"17":0,"18":0,"19":0,"20":0},"f":{"0":0,"1":0,"2":0,"3":0,"4":0},"b":{"0":[0,0,0]}}
,"/Users/johnson/development/coingecko/nft-manager-gh/src/components/Index/NotAuth.vue": {"path":"/Users/johnson/development/coingecko/nft-manager-gh/src/components/Index/NotAuth.vue","statementMap":{"0":{"start":{"line":34,"column":0},"end":{"line":34,"column":null}},"1":{"start":{"line":35,"column":0},"end":{"line":35,"column":null}},"2":{"start":{"line":36,"column":0},"end":{"line":36,"column":null}},"3":{"start":{"line":37,"column":0},"end":{"line":37,"column":null}},"4":{"start":{"line":48,"column":0},"end":{"line":48,"column":null}},"5":{"start":{"line":48,"column":0},"end":{"line":39,"column":null}}},"fnMap":{"0":{"name":"(anonymous_10)","decl":{"start":{"line":48,"column":0},"end":{"line":48,"column":null}},"loc":{"start":{"line":48,"column":0},"end":{"line":48,"column":null}}}},"branchMap":{},"s":{"0":0,"1":0,"2":0,"3":0,"4":0,"5":0},"f":{"0":0},"b":{}}
,"/Users/johnson/development/coingecko/nft-manager-gh/src/components/NFT/NFTImage.vue": {"path":"/Users/johnson/development/coingecko/nft-manager-gh/src/components/NFT/NFTImage.vue","statementMap":{"0":{"start":{"line":25,"column":0},"end":{"line":25,"column":null}},"1":{"start":{"line":30,"column":0},"end":{"line":43,"column":null}},"2":{"start":{"line":30,"column":0},"end":{"line":30,"column":null}},"3":{"start":{"line":27,"column":0},"end":{"line":27,"column":null}},"4":{"start":{"line":34,"column":0},"end":{"line":34,"column":null}},"5":{"start":{"line":36,"column":0},"end":{"line":38,"column":null}},"6":{"start":{"line":37,"column":0},"end":{"line":37,"column":null}},"7":{"start":{"line":40,"column":0},"end":{"line":42,"column":null}},"8":{"start":{"line":41,"column":0},"end":{"line":41,"column":null}},"9":{"start":{"line":31,"column":0},"end":{"line":31,"column":null}},"10":{"start":{"line":32,"column":0},"end":{"line":32,"column":null}},"11":{"start":{"line":30,"column":0},"end":{"line":27,"column":null}},"12":{"start":{"line":43,"column":0},"end":{"line":43,"column":null}}},"fnMap":{"0":{"name":"(anonymous_8)","decl":{"start":{"line":30,"column":0},"end":{"line":30,"column":null}},"loc":{"start":{"line":30,"column":0},"end":{"line":43,"column":null}}},"1":{"name":"NFTImageComponent","decl":{"start":{"line":27,"column":0},"end":{"line":27,"column":null}},"loc":{"start":{"line":27,"column":0},"end":{"line":43,"column":null}}},"2":{"name":"(anonymous_10)","decl":{"start":{"line":36,"column":0},"end":{"line":36,"column":null}},"loc":{"start":{"line":36,"column":0},"end":{"line":38,"column":null}}},"3":{"name":"(anonymous_11)","decl":{"start":{"line":40,"column":0},"end":{"line":40,"column":null}},"loc":{"start":{"line":40,"column":0},"end":{"line":42,"column":null}}}},"branchMap":{"0":{"loc":{"start":{"line":27,"column":0},"end":{"line":27,"column":null}},"type":"binary-expr","locations":[{"start":{"line":27,"column":0},"end":{"line":27,"column":null}},{"start":{"line":27,"column":0},"end":{"line":27,"column":null}},{"start":{"line":27,"column":0},"end":{"line":27,"column":null}}]}},"s":{"0":0,"1":0,"2":0,"3":0,"4":0,"5":0,"6":0,"7":0,"8":0,"9":0,"10":0,"11":0,"12":0},"f":{"0":0,"1":0,"2":0,"3":0},"b":{"0":[0,0,0]}}
,"/Users/johnson/development/coingecko/nft-manager-gh/src/components/NFT/NFTList.vue": {"path":"/Users/johnson/development/coingecko/nft-manager-gh/src/components/NFT/NFTList.vue","statementMap":{"0":{"start":{"line":30,"column":0},"end":{"line":30,"column":null}},"1":{"start":{"line":31,"column":0},"end":{"line":31,"column":null}},"2":{"start":{"line":32,"column":0},"end":{"line":32,"column":null}},"3":{"start":{"line":33,"column":0},"end":{"line":33,"column":null}},"4":{"start":{"line":34,"column":0},"end":{"line":34,"column":null}},"5":{"start":{"line":55,"column":0},"end":{"line":71,"column":null}},"6":{"start":{"line":55,"column":0},"end":{"line":55,"column":null}},"7":{"start":{"line":61,"column":0},"end":{"line":61,"column":null}},"8":{"start":{"line":62,"column":0},"end":{"line":62,"column":null}},"9":{"start":{"line":63,"column":0},"end":{"line":63,"column":null}},"10":{"start":{"line":66,"column":0},"end":{"line":66,"column":null}},"11":{"start":{"line":67,"column":0},"end":{"line":68,"column":null}},"12":{"start":{"line":68,"column":0},"end":{"line":68,"column":null}},"13":{"start":{"line":56,"column":0},"end":{"line":56,"column":null}},"14":{"start":{"line":57,"column":0},"end":{"line":57,"column":null}},"15":{"start":{"line":55,"column":0},"end":{"line":36,"column":null}},"16":{"start":{"line":47,"column":0},"end":{"line":47,"column":null}},"17":{"start":{"line":71,"column":0},"end":{"line":71,"column":null}}},"fnMap":{"0":{"name":"(anonymous_10)","decl":{"start":{"line":55,"column":0},"end":{"line":55,"column":null}},"loc":{"start":{"line":55,"column":0},"end":{"line":71,"column":null}}},"1":{"name":"(anonymous_14)","decl":{"start":{"line":67,"column":0},"end":{"line":67,"column":null}},"loc":{"start":{"line":67,"column":0},"end":{"line":68,"column":null}}},"2":{"name":"nftIds","decl":{"start":{"line":46,"column":0},"end":{"line":46,"column":null}},"loc":{"start":{"line":46,"column":0},"end":{"line":48,"column":null}}}},"branchMap":{},"s":{"0":0,"1":0,"2":0,"3":0,"4":0,"5":0,"6":0,"7":0,"8":0,"9":0,"10":0,"11":0,"12":0,"13":0,"14":0,"15":0,"16":0,"17":0},"f":{"0":0,"1":0,"2":0},"b":{}}
,"/Users/johnson/development/coingecko/nft-manager-gh/src/components/Shared/AvailableNFT.vue": {"path":"/Users/johnson/development/coingecko/nft-manager-gh/src/components/Shared/AvailableNFT.vue","statementMap":{"0":{"start":{"line":42,"column":0},"end":{"line":42,"column":null}},"1":{"start":{"line":43,"column":0},"end":{"line":43,"column":null}},"2":{"start":{"line":44,"column":0},"end":{"line":44,"column":null}},"3":{"start":{"line":45,"column":0},"end":{"line":45,"column":null}},"4":{"start":{"line":46,"column":0},"end":{"line":46,"column":null}},"5":{"start":{"line":64,"column":0},"end":{"line":84,"column":null}},"6":{"start":{"line":64,"column":0},"end":{"line":64,"column":null}},"7":{"start":{"line":48,"column":0},"end":{"line":48,"column":null}},"8":{"start":{"line":69,"column":0},"end":{"line":69,"column":null}},"9":{"start":{"line":70,"column":0},"end":{"line":70,"column":null}},"10":{"start":{"line":72,"column":0},"end":{"line":72,"column":null}},"11":{"start":{"line":73,"column":0},"end":{"line":75,"column":null}},"12":{"start":{"line":75,"column":0},"end":{"line":75,"column":null}},"13":{"start":{"line":79,"column":0},"end":{"line":83,"column":null}},"14":{"start":{"line":80,"column":0},"end":{"line":80,"column":null}},"15":{"start":{"line":81,"column":0},"end":{"line":81,"column":null}},"16":{"start":{"line":82,"column":0},"end":{"line":82,"column":null}},"17":{"start":{"line":65,"column":0},"end":{"line":65,"column":null}},"18":{"start":{"line":64,"column":0},"end":{"line":48,"column":null}},"19":{"start":{"line":55,"column":0},"end":{"line":55,"column":null}},"20":{"start":{"line":84,"column":0},"end":{"line":84,"column":null}}},"fnMap":{"0":{"name":"(anonymous_22)","decl":{"start":{"line":64,"column":0},"end":{"line":64,"column":null}},"loc":{"start":{"line":64,"column":0},"end":{"line":84,"column":null}}},"1":{"name":"AvailableNFTComponent","decl":{"start":{"line":48,"column":0},"end":{"line":48,"column":null}},"loc":{"start":{"line":48,"column":0},"end":{"line":84,"column":null}}},"2":{"name":"(anonymous_25)","decl":{"start":{"line":73,"column":0},"end":{"line":73,"column":null}},"loc":{"start":{"line":73,"column":0},"end":{"line":75,"column":null}}},"3":{"name":"(anonymous_26)","decl":{"start":{"line":79,"column":0},"end":{"line":79,"column":null}},"loc":{"start":{"line":79,"column":0},"end":{"line":83,"column":null}}},"4":{"name":"contractsData","decl":{"start":{"line":55,"column":0},"end":{"line":55,"column":null}},"loc":{"start":{"line":55,"column":0},"end":{"line":55,"column":null}}}},"branchMap":{"0":{"loc":{"start":{"line":48,"column":0},"end":{"line":48,"column":null}},"type":"binary-expr","locations":[{"start":{"line":48,"column":0},"end":{"line":48,"column":null}},{"start":{"line":48,"column":0},"end":{"line":48,"column":null}},{"start":{"line":48,"column":0},"end":{"line":48,"column":null}}]}},"s":{"0":0,"1":0,"2":0,"3":0,"4":0,"5":0,"6":0,"7":0,"8":0,"9":0,"10":0,"11":0,"12":0,"13":0,"14":0,"15":0,"16":0,"17":0,"18":0,"19":0,"20":0},"f":{"0":0,"1":0,"2":0,"3":0,"4":0},"b":{"0":[0,0,0]}}
,"/Users/johnson/development/coingecko/nft-manager-gh/src/components/Shared/CurrentAddress.vue": {"path":"/Users/johnson/development/coingecko/nft-manager-gh/src/components/Shared/CurrentAddress.vue","statementMap":{"0":{"start":{"line":27,"column":0},"end":{"line":27,"column":null}},"1":{"start":{"line":28,"column":0},"end":{"line":28,"column":null}},"2":{"start":{"line":29,"column":0},"end":{"line":29,"column":null}},"3":{"start":{"line":30,"column":0},"end":{"line":30,"column":null}},"4":{"start":{"line":31,"column":0},"end":{"line":31,"column":null}},"5":{"start":{"line":58,"column":0},"end":{"line":88,"column":null}},"6":{"start":{"line":58,"column":0},"end":{"line":58,"column":null}},"7":{"start":{"line":69,"column":0},"end":{"line":81,"column":null}},"8":{"start":{"line":70,"column":0},"end":{"line":70,"column":null}},"9":{"start":{"line":71,"column":0},"end":{"line":71,"column":null}},"10":{"start":{"line":72,"column":0},"end":{"line":72,"column":null}},"11":{"start":{"line":73,"column":0},"end":{"line":73,"column":null}},"12":{"start":{"line":75,"column":0},"end":{"line":75,"column":null}},"13":{"start":{"line":80,"column":0},"end":{"line":80,"column":null}},"14":{"start":{"line":83,"column":0},"end":{"line":83,"column":null}},"15":{"start":{"line":84,"column":0},"end":{"line":84,"column":null}},"16":{"start":{"line":59,"column":0},"end":{"line":59,"column":null}},"17":{"start":{"line":60,"column":0},"end":{"line":60,"column":null}},"18":{"start":{"line":58,"column":0},"end":{"line":33,"column":null}},"19":{"start":{"line":88,"column":0},"end":{"line":88,"column":null}}},"fnMap":{"0":{"name":"(anonymous_22)","decl":{"start":{"line":58,"column":0},"end":{"line":58,"column":null}},"loc":{"start":{"line":58,"column":0},"end":{"line":88,"column":null}}},"1":{"name":"(anonymous_24)","decl":{"start":{"line":69,"column":0},"end":{"line":69,"column":null}},"loc":{"start":{"line":69,"column":0},"end":{"line":81,"column":null}}}},"branchMap":{"0":{"loc":{"start":{"line":84,"column":0},"end":{"line":84,"column":null}},"type":"cond-expr","locations":[{"start":{"line":84,"column":0},"end":{"line":84,"column":null}},{"start":{"line":84,"column":0},"end":{"line":84,"column":null}}]}},"s":{"0":0,"1":0,"2":0,"3":0,"4":0,"5":0,"6":0,"7":0,"8":0,"9":0,"10":0,"11":0,"12":0,"13":0,"14":0,"15":0,"16":0,"17":0,"18":0,"19":0},"f":{"0":0,"1":0},"b":{"0":[0,0]}}
,"/Users/johnson/development/coingecko/nft-manager-gh/src/contracts/contract/index.ts": {"path":"/Users/johnson/development/coingecko/nft-manager-gh/src/contracts/contract/index.ts","statementMap":{"0":{"start":{"line":1,"column":0},"end":{"line":1,"column":6}},"1":{"start":{"line":11,"column":37},"end":{"line":11,"column":39}},"2":{"start":{"line":12,"column":45},"end":{"line":12,"column":58}},"3":{"start":{"line":22,"column":13},"end":{"line":38,"column":2}},"4":{"start":{"line":40,"column":0},"end":{"line":40,"column":null}},"5":{"start":{"line":41,"column":2},"end":{"line":41,"column":null}},"6":{"start":{"line":42,"column":2},"end":{"line":42,"column":null}},"7":{"start":{"line":43,"column":2},"end":{"line":43,"column":null}},"8":{"start":{"line":49,"column":13},"end":{"line":55,"column":2}},"9":{"start":{"line":50,"column":8},"end":{"line":50,"column":29}},"10":{"start":{"line":51,"column":8},"end":{"line":53,"column":4}},"11":{"start":{"line":52,"column":4},"end":{"line":52,"column":48}},"12":{"start":{"line":54,"column":2},"end":{"line":54,"column":36}},"13":{"start":{"line":57,"column":13},"end":{"line":62,"column":2}},"14":{"start":{"line":61,"column":2},"end":{"line":61,"column":57}}},"fnMap":{"0":{"name":"(anonymous_13)","decl":{"start":{"line":40,"column":0},"end":{"line":40,"column":12}},"loc":{"start":{"line":40,"column":29},"end":{"line":44,"column":1}}},"1":{"name":"(anonymous_17)","decl":{"start":{"line":51,"column":32},"end":{"line":51,"column":39}},"loc":{"start":{"line":51,"column":39},"end":{"line":52,"column":11}}},"2":{"name":"(anonymous_18)","decl":{"start":{"line":52,"column":4},"end":{"line":52,"column":11}},"loc":{"start":{"line":52,"column":4},"end":{"line":52,"column":48}}},"3":{"name":"(anonymous_22)","decl":{"start":{"line":61,"column":2},"end":{"line":61,"column":16}},"loc":{"start":{"line":61,"column":2},"end":{"line":61,"column":57}}}},"branchMap":{"0":{"loc":{"start":{"line":40,"column":12},"end":{"line":40,"column":29}},"type":"binary-expr","locations":[{"start":{"line":40,"column":12},"end":{"line":40,"column":29}},{"start":{"line":40,"column":12},"end":{"line":40,"column":null}}]}},"s":{"0":2,"1":2,"2":2,"3":2,"4":2,"5":2,"6":2,"7":2,"8":2,"9":0,"10":0,"11":0,"12":0,"13":2,"14":0},"f":{"0":2,"1":0,"2":0,"3":0},"b":{"0":[2,2]}}
,"/Users/johnson/development/coingecko/nft-manager-gh/src/contracts/contract/ethereum/coingecko/contract.ts": {"path":"/Users/johnson/development/coingecko/nft-manager-gh/src/contracts/contract/ethereum/coingecko/contract.ts","statementMap":{"0":{"start":{"line":7,"column":13},"end":{"line":9,"column":2}},"1":{"start":{"line":8,"column":2},"end":{"line":8,"column":14}},"2":{"start":{"line":16,"column":13},"end":{"line":18,"column":2}},"3":{"start":{"line":16,"column":37},"end":{"line":16,"column":39}},"4":{"start":{"line":17,"column":2},"end":{"line":17,"column":78}},"5":{"start":{"line":24,"column":13},"end":{"line":24,"column":49}},"6":{"start":{"line":24,"column":37},"end":{"line":24,"column":39}}},"fnMap":{"0":{"name":"(anonymous_0)","decl":{"start":{"line":7,"column":64},"end":{"line":7,"column":null}},"loc":{"start":{"line":7,"column":64},"end":{"line":9,"column":1}}},"1":{"name":"(anonymous_1)","decl":{"start":{"line":16,"column":34},"end":{"line":16,"column":35}},"loc":{"start":{"line":16,"column":41},"end":{"line":18,"column":1}}},"2":{"name":"(anonymous_2)","decl":{"start":{"line":24,"column":34},"end":{"line":24,"column":35}},"loc":{"start":{"line":24,"column":41},"end":{"line":24,"column":48}}}},"branchMap":{},"s":{"0":1,"1":0,"2":1,"3":1,"4":1,"5":1,"6":0},"f":{"0":0,"1":1,"2":0},"b":{}}
,"/Users/johnson/development/coingecko/nft-manager-gh/src/contracts/contract/ethereum/cryptokitties/contract.ts": {"path":"/Users/johnson/development/coingecko/nft-manager-gh/src/contracts/contract/ethereum/cryptokitties/contract.ts","statementMap":{"0":{"start":{"line":7,"column":13},"end":{"line":9,"column":2}},"1":{"start":{"line":8,"column":2},"end":{"line":8,"column":14}},"2":{"start":{"line":16,"column":13},"end":{"line":16,"column":49}},"3":{"start":{"line":16,"column":37},"end":{"line":16,"column":39}},"4":{"start":{"line":16,"column":46},"end":{"line":16,"column":49}},"5":{"start":{"line":22,"column":13},"end":{"line":22,"column":49}},"6":{"start":{"line":22,"column":37},"end":{"line":22,"column":39}}},"fnMap":{"0":{"name":"(anonymous_0)","decl":{"start":{"line":7,"column":64},"end":{"line":7,"column":null}},"loc":{"start":{"line":7,"column":64},"end":{"line":9,"column":1}}},"1":{"name":"(anonymous_1)","decl":{"start":{"line":16,"column":34},"end":{"line":16,"column":35}},"loc":{"start":{"line":16,"column":41},"end":{"line":16,"column":48}}},"2":{"name":"(anonymous_2)","decl":{"start":{"line":22,"column":34},"end":{"line":22,"column":35}},"loc":{"start":{"line":22,"column":41},"end":{"line":22,"column":48}}}},"branchMap":{},"s":{"0":0,"1":0,"2":0,"3":0,"4":0,"5":0,"6":0},"f":{"0":0,"1":0,"2":0},"b":{}}
,"/Users/johnson/development/coingecko/nft-manager-gh/src/contracts/contract/ethereum/gods-unchained/contract.ts": {"path":"/Users/johnson/development/coingecko/nft-manager-gh/src/contracts/contract/ethereum/gods-unchained/contract.ts","statementMap":{"0":{"start":{"line":7,"column":13},"end":{"line":9,"column":2}},"1":{"start":{"line":8,"column":2},"end":{"line":8,"column":15}},"2":{"start":{"line":16,"column":13},"end":{"line":22,"column":2}},"3":{"start":{"line":16,"column":37},"end":{"line":16,"column":39}},"4":{"start":{"line":16,"column":43},"end":{"line":16,"column":null}},"5":{"start":{"line":18,"column":4},"end":{"line":18,"column":26}},"6":{"start":{"line":20,"column":4},"end":{"line":20,"column":14}},"7":{"start":{"line":28,"column":13},"end":{"line":28,"column":49}},"8":{"start":{"line":28,"column":37},"end":{"line":28,"column":39}}},"fnMap":{"0":{"name":"(anonymous_0)","decl":{"start":{"line":7,"column":64},"end":{"line":7,"column":null}},"loc":{"start":{"line":7,"column":64},"end":{"line":9,"column":1}}},"1":{"name":"(anonymous_1)","decl":{"start":{"line":16,"column":34},"end":{"line":16,"column":35}},"loc":{"start":{"line":16,"column":58},"end":{"line":22,"column":1}}},"2":{"name":"(anonymous_2)","decl":{"start":{"line":28,"column":34},"end":{"line":28,"column":35}},"loc":{"start":{"line":28,"column":41},"end":{"line":28,"column":48}}}},"branchMap":{"0":{"loc":{"start":{"line":16,"column":43},"end":{"line":16,"column":null}},"type":"if","locations":[{"start":{"line":16,"column":43},"end":{"line":16,"column":null}},{"start":{"line":16,"column":43},"end":{"line":16,"column":null}}]}},"s":{"0":0,"1":0,"2":0,"3":0,"4":0,"5":0,"6":0,"7":0,"8":0},"f":{"0":0,"1":0,"2":0},"b":{"0":[0,0]}}
,"/Users/johnson/development/coingecko/nft-manager-gh/src/contracts/contract/ethereum/marble-nft/contract.ts": {"path":"/Users/johnson/development/coingecko/nft-manager-gh/src/contracts/contract/ethereum/marble-nft/contract.ts","statementMap":{"0":{"start":{"line":7,"column":13},"end":{"line":9,"column":2}},"1":{"start":{"line":8,"column":2},"end":{"line":8,"column":15}},"2":{"start":{"line":16,"column":13},"end":{"line":22,"column":2}},"3":{"start":{"line":16,"column":37},"end":{"line":16,"column":39}},"4":{"start":{"line":16,"column":43},"end":{"line":16,"column":null}},"5":{"start":{"line":18,"column":4},"end":{"line":18,"column":49}},"6":{"start":{"line":20,"column":4},"end":{"line":20,"column":14}},"7":{"start":{"line":28,"column":13},"end":{"line":28,"column":49}},"8":{"start":{"line":28,"column":37},"end":{"line":28,"column":39}}},"fnMap":{"0":{"name":"(anonymous_0)","decl":{"start":{"line":7,"column":64},"end":{"line":7,"column":null}},"loc":{"start":{"line":7,"column":64},"end":{"line":9,"column":1}}},"1":{"name":"(anonymous_1)","decl":{"start":{"line":16,"column":34},"end":{"line":16,"column":35}},"loc":{"start":{"line":16,"column":58},"end":{"line":22,"column":1}}},"2":{"name":"(anonymous_2)","decl":{"start":{"line":28,"column":34},"end":{"line":28,"column":35}},"loc":{"start":{"line":28,"column":41},"end":{"line":28,"column":48}}}},"branchMap":{"0":{"loc":{"start":{"line":16,"column":43},"end":{"line":16,"column":null}},"type":"if","locations":[{"start":{"line":16,"column":43},"end":{"line":16,"column":null}},{"start":{"line":16,"column":43},"end":{"line":16,"column":null}}]},"1":{"loc":{"start":{"line":17,"column":6},"end":{"line":17,"column":14}},"type":"binary-expr","locations":[{"start":{"line":17,"column":6},"end":{"line":17,"column":14}},{"start":{"line":17,"column":18},"end":{"line":17,"column":37}}]}},"s":{"0":0,"1":0,"2":0,"3":0,"4":0,"5":0,"6":0,"7":0,"8":0},"f":{"0":0,"1":0,"2":0},"b":{"0":[0,0],"1":[0,0]}}
,"/Users/johnson/development/coingecko/nft-manager-gh/src/contracts/contract/ethereum/my-crypto-heroes-extension/contract.ts": {"path":"/Users/johnson/development/coingecko/nft-manager-gh/src/contracts/contract/ethereum/my-crypto-heroes-extension/contract.ts","statementMap":{"0":{"start":{"line":7,"column":13},"end":{"line":9,"column":2}},"1":{"start":{"line":8,"column":2},"end":{"line":8,"column":14}},"2":{"start":{"line":16,"column":13},"end":{"line":19,"column":2}},"3":{"start":{"line":16,"column":37},"end":{"line":16,"column":39}},"4":{"start":{"line":17,"column":22},"end":{"line":17,"column":41}},"5":{"start":{"line":18,"column":2},"end":{"line":18,"column":84}},"6":{"start":{"line":25,"column":13},"end":{"line":25,"column":49}},"7":{"start":{"line":25,"column":37},"end":{"line":25,"column":39}}},"fnMap":{"0":{"name":"(anonymous_0)","decl":{"start":{"line":7,"column":64},"end":{"line":7,"column":null}},"loc":{"start":{"line":7,"column":64},"end":{"line":9,"column":1}}},"1":{"name":"(anonymous_1)","decl":{"start":{"line":16,"column":34},"end":{"line":16,"column":35}},"loc":{"start":{"line":16,"column":41},"end":{"line":19,"column":1}}},"2":{"name":"(anonymous_2)","decl":{"start":{"line":25,"column":34},"end":{"line":25,"column":35}},"loc":{"start":{"line":25,"column":41},"end":{"line":25,"column":48}}}},"branchMap":{},"s":{"0":1,"1":0,"2":1,"3":1,"4":1,"5":1,"6":1,"7":0},"f":{"0":0,"1":1,"2":0},"b":{}}
,"/Users/johnson/development/coingecko/nft-manager-gh/src/contracts/contract/ethereum/my-crypto-heroes-hero/contract.ts": {"path":"/Users/johnson/development/coingecko/nft-manager-gh/src/contracts/contract/ethereum/my-crypto-heroes-hero/contract.ts","statementMap":{"0":{"start":{"line":7,"column":13},"end":{"line":9,"column":2}},"1":{"start":{"line":8,"column":2},"end":{"line":8,"column":14}},"2":{"start":{"line":16,"column":13},"end":{"line":19,"column":2}},"3":{"start":{"line":16,"column":37},"end":{"line":16,"column":39}},"4":{"start":{"line":17,"column":22},"end":{"line":17,"column":41}},"5":{"start":{"line":18,"column":2},"end":{"line":18,"column":80}},"6":{"start":{"line":25,"column":13},"end":{"line":25,"column":49}},"7":{"start":{"line":25,"column":37},"end":{"line":25,"column":39}}},"fnMap":{"0":{"name":"(anonymous_0)","decl":{"start":{"line":7,"column":64},"end":{"line":7,"column":null}},"loc":{"start":{"line":7,"column":64},"end":{"line":9,"column":1}}},"1":{"name":"(anonymous_1)","decl":{"start":{"line":16,"column":34},"end":{"line":16,"column":35}},"loc":{"start":{"line":16,"column":41},"end":{"line":19,"column":1}}},"2":{"name":"(anonymous_2)","decl":{"start":{"line":25,"column":34},"end":{"line":25,"column":35}},"loc":{"start":{"line":25,"column":41},"end":{"line":25,"column":48}}}},"branchMap":{},"s":{"0":0,"1":0,"2":0,"3":0,"4":0,"5":0,"6":0,"7":0},"f":{"0":0,"1":0,"2":0},"b":{}}
,"/Users/johnson/development/coingecko/nft-manager-gh/src/contracts/contract/ethereum/su-squares/contract.ts": {"path":"/Users/johnson/development/coingecko/nft-manager-gh/src/contracts/contract/ethereum/su-squares/contract.ts","statementMap":{"0":{"start":{"line":7,"column":13},"end":{"line":9,"column":2}},"1":{"start":{"line":8,"column":2},"end":{"line":8,"column":14}},"2":{"start":{"line":16,"column":13},"end":{"line":26,"column":2}},"3":{"start":{"line":16,"column":37},"end":{"line":16,"column":39}},"4":{"start":{"line":17,"column":14},"end":{"line":23,"column":3}},"5":{"start":{"line":18,"column":12},"end":{"line":18,"column":22}},"6":{"start":{"line":20,"column":6},"end":{"line":20,"column":18}},"7":{"start":{"line":22,"column":4},"end":{"line":22,"column":13}},"8":{"start":{"line":24,"column":22},"end":{"line":24,"column":32}},"9":{"start":{"line":25,"column":2},"end":{"line":25,"column":63}},"10":{"start":{"line":32,"column":13},"end":{"line":32,"column":49}},"11":{"start":{"line":32,"column":37},"end":{"line":32,"column":39}}},"fnMap":{"0":{"name":"(anonymous_0)","decl":{"start":{"line":7,"column":64},"end":{"line":7,"column":null}},"loc":{"start":{"line":7,"column":64},"end":{"line":9,"column":1}}},"1":{"name":"(anonymous_1)","decl":{"start":{"line":16,"column":34},"end":{"line":16,"column":35}},"loc":{"start":{"line":16,"column":41},"end":{"line":26,"column":1}}},"2":{"name":"(anonymous_2)","decl":{"start":{"line":17,"column":14},"end":{"line":17,"column":15}},"loc":{"start":{"line":17,"column":39},"end":{"line":23,"column":3}}},"3":{"name":"(anonymous_3)","decl":{"start":{"line":32,"column":34},"end":{"line":32,"column":35}},"loc":{"start":{"line":32,"column":41},"end":{"line":32,"column":48}}}},"branchMap":{"0":{"loc":{"start":{"line":19,"column":23},"end":{"line":19,"column":27}},"type":"binary-expr","locations":[{"start":{"line":19,"column":23},"end":{"line":19,"column":27}},{"start":{"line":19,"column":31},"end":{"line":19,"column":32}}]}},"s":{"0":0,"1":0,"2":0,"3":0,"4":0,"5":0,"6":0,"7":0,"8":0,"9":0,"10":0,"11":0},"f":{"0":0,"1":0,"2":0,"3":0},"b":{"0":[0,0]}}
,"/Users/johnson/development/coingecko/nft-manager-gh/src/contracts/contract/tomochain_testnet/coingecko/contract.ts": {"path":"/Users/johnson/development/coingecko/nft-manager-gh/src/contracts/contract/tomochain_testnet/coingecko/contract.ts","statementMap":{"0":{"start":{"line":7,"column":13},"end":{"line":9,"column":2}},"1":{"start":{"line":8,"column":2},"end":{"line":8,"column":14}},"2":{"start":{"line":16,"column":13},"end":{"line":18,"column":2}},"3":{"start":{"line":16,"column":37},"end":{"line":16,"column":39}},"4":{"start":{"line":17,"column":2},"end":{"line":17,"column":99}},"5":{"start":{"line":24,"column":13},"end":{"line":24,"column":49}},"6":{"start":{"line":24,"column":37},"end":{"line":24,"column":39}}},"fnMap":{"0":{"name":"(anonymous_0)","decl":{"start":{"line":7,"column":64},"end":{"line":7,"column":null}},"loc":{"start":{"line":7,"column":64},"end":{"line":9,"column":1}}},"1":{"name":"(anonymous_1)","decl":{"start":{"line":16,"column":34},"end":{"line":16,"column":35}},"loc":{"start":{"line":16,"column":41},"end":{"line":18,"column":1}}},"2":{"name":"(anonymous_2)","decl":{"start":{"line":24,"column":34},"end":{"line":24,"column":35}},"loc":{"start":{"line":24,"column":41},"end":{"line":24,"column":48}}}},"branchMap":{},"s":{"0":0,"1":0,"2":0,"3":0,"4":0,"5":0,"6":0},"f":{"0":0,"1":0,"2":0},"b":{}}
,"/Users/johnson/development/coingecko/nft-manager-gh/src/directives/darkModeClass.ts": {"path":"/Users/johnson/development/coingecko/nft-manager-gh/src/directives/darkModeClass.ts","statementMap":{"0":{"start":{"line":1,"column":0},"end":{"line":1,"column":22}},"1":{"start":{"line":2,"column":0},"end":{"line":2,"column":30}},"2":{"start":{"line":5,"column":2},"end":{"line":5,"column":35}},"3":{"start":{"line":8,"column":13},"end":{"line":35,"column":3}},"4":{"start":{"line":11,"column":6},"end":{"line":11,"column":64}},"5":{"start":{"line":12,"column":6},"end":{"line":12,"column":60}},"6":{"start":{"line":14,"column":6},"end":{"line":14,"column":63}},"7":{"start":{"line":15,"column":6},"end":{"line":15,"column":61}},"8":{"start":{"line":17,"column":20},"end":{"line":27,"column":null}},"9":{"start":{"line":18,"column":15},"end":{"line":18,"column":null}},"10":{"start":{"line":21,"column":10},"end":{"line":21,"column":68}},"11":{"start":{"line":22,"column":10},"end":{"line":22,"column":64}},"12":{"start":{"line":24,"column":10},"end":{"line":24,"column":67}},"13":{"start":{"line":25,"column":10},"end":{"line":25,"column":65}},"14":{"start":{"line":30,"column":4},"end":{"line":30,"column":32}},"15":{"start":{"line":33,"column":4},"end":{"line":33,"column":47}},"16":{"start":{"line":33,"column":27},"end":{"line":33,"column":47}}},"fnMap":{"0":{"name":"splitClasses","decl":{"start":{"line":4,"column":9},"end":{"line":4,"column":21}},"loc":{"start":{"line":4,"column":39},"end":{"line":6,"column":1}}},"1":{"name":"(anonymous_2)","decl":{"start":{"line":9,"column":6},"end":{"line":9,"column":7}},"loc":{"start":{"line":9,"column":26},"end":{"line":31,"column":3}}},"2":{"name":"(anonymous_3)","decl":{"start":{"line":18,"column":6},"end":{"line":18,"column":11}},"loc":{"start":{"line":18,"column":11},"end":{"line":18,"column":20}}},"3":{"name":"(anonymous_4)","decl":{"start":{"line":19,"column":6},"end":{"line":19,"column":14}},"loc":{"start":{"line":19,"column":14},"end":{"line":27,"column":7}}},"4":{"name":"(anonymous_5)","decl":{"start":{"line":32,"column":8},"end":{"line":32,"column":9}},"loc":{"start":{"line":32,"column":16},"end":{"line":34,"column":3}}}},"branchMap":{"0":{"loc":{"start":{"line":33,"column":4},"end":{"line":33,"column":47}},"type":"if","locations":[{"start":{"line":33,"column":4},"end":{"line":33,"column":47}},{"start":{"line":33,"column":4},"end":{"line":33,"column":47}}]}},"s":{"0":0,"1":0,"2":0,"3":0,"4":0,"5":0,"6":0,"7":0,"8":0,"9":0,"10":0,"11":0,"12":0,"13":0,"14":0,"15":0,"16":0},"f":{"0":0,"1":0,"2":0,"3":0,"4":0},"b":{"0":[0,0]}}
,"/Users/johnson/development/coingecko/nft-manager-gh/src/helper/notifications.ts": {"path":"/Users/johnson/development/coingecko/nft-manager-gh/src/helper/notifications.ts","statementMap":{"0":{"start":{"line":1,"column":0},"end":{"line":1,"column":32}},"1":{"start":{"line":2,"column":0},"end":{"line":2,"column":37}},"2":{"start":{"line":9,"column":53},"end":{"line":9,"column":null}},"3":{"start":{"line":10,"column":2},"end":{"line":20,"column":5}},"4":{"start":{"line":9,"column":0},"end":{"line":9,"column":16}},"5":{"start":{"line":28,"column":51},"end":{"line":28,"column":null}},"6":{"start":{"line":29,"column":2},"end":{"line":39,"column":5}},"7":{"start":{"line":28,"column":0},"end":{"line":28,"column":16}},"8":{"start":{"line":47,"column":50},"end":{"line":47,"column":null}},"9":{"start":{"line":48,"column":2},"end":{"line":52,"column":5}},"10":{"start":{"line":47,"column":0},"end":{"line":47,"column":16}}},"fnMap":{"0":{"name":"successNotification","decl":{"start":{"line":9,"column":16},"end":{"line":9,"column":35}},"loc":{"start":{"line":9,"column":70},"end":{"line":21,"column":1}}},"1":{"name":"errorNotification","decl":{"start":{"line":28,"column":16},"end":{"line":28,"column":33}},"loc":{"start":{"line":28,"column":68},"end":{"line":40,"column":1}}},"2":{"name":"infoNotification","decl":{"start":{"line":47,"column":16},"end":{"line":47,"column":32}},"loc":{"start":{"line":47,"column":67},"end":{"line":53,"column":1}}}},"branchMap":{"0":{"loc":{"start":{"line":9,"column":53},"end":{"line":9,"column":null}},"type":"if","locations":[{"start":{"line":9,"column":53},"end":{"line":9,"column":null}},{"start":{"line":9,"column":53},"end":{"line":9,"column":null}}]},"1":{"loc":{"start":{"line":12,"column":26},"end":{"line":12,"column":41}},"type":"cond-expr","locations":[{"start":{"line":12,"column":26},"end":{"line":12,"column":41}},{"start":{"line":12,"column":44},"end":{"line":12,"column":51}}]},"2":{"loc":{"start":{"line":28,"column":51},"end":{"line":28,"column":null}},"type":"if","locations":[{"start":{"line":28,"column":51},"end":{"line":28,"column":null}},{"start":{"line":28,"column":51},"end":{"line":28,"column":null}}]},"3":{"loc":{"start":{"line":31,"column":26},"end":{"line":31,"column":41}},"type":"cond-expr","locations":[{"start":{"line":31,"column":26},"end":{"line":31,"column":41}},{"start":{"line":31,"column":44},"end":{"line":31,"column":51}}]},"4":{"loc":{"start":{"line":47,"column":50},"end":{"line":47,"column":null}},"type":"if","locations":[{"start":{"line":47,"column":50},"end":{"line":47,"column":null}},{"start":{"line":47,"column":50},"end":{"line":47,"column":null}}]},"5":{"loc":{"start":{"line":50,"column":26},"end":{"line":50,"column":41}},"type":"cond-expr","locations":[{"start":{"line":50,"column":26},"end":{"line":50,"column":41}},{"start":{"line":50,"column":44},"end":{"line":50,"column":51}}]}},"s":{"0":0,"1":0,"2":0,"3":0,"4":0,"5":0,"6":0,"7":0,"8":0,"9":0,"10":0},"f":{"0":0,"1":0,"2":0},"b":{"0":[0,0],"1":[0,0],"2":[0,0],"3":[0,0],"4":[0,0],"5":[0,0]}}
,"/Users/johnson/development/coingecko/nft-manager-gh/src/helper/utils.ts": {"path":"/Users/johnson/development/coingecko/nft-manager-gh/src/helper/utils.ts","statementMap":{"0":{"start":{"line":1,"column":0},"end":{"line":1,"column":37}},"1":{"start":{"line":10,"column":20},"end":{"line":10,"column":22}},"2":{"start":{"line":11,"column":2},"end":{"line":13,"column":5}},"3":{"start":{"line":12,"column":4},"end":{"line":12,"column":41}},"4":{"start":{"line":14,"column":2},"end":{"line":14,"column":14}},"5":{"start":{"line":9,"column":0},"end":{"line":9,"column":16}},"6":{"start":{"line":19,"column":2},"end":{"line":19,"column":null}},"7":{"start":{"line":20,"column":2},"end":{"line":20,"column":null}},"8":{"start":{"line":22,"column":13},"end":{"line":22,"column":45}},"9":{"start":{"line":23,"column":2},"end":{"line":23,"column":22}},"10":{"start":{"line":24,"column":2},"end":{"line":24,"column":31}},"11":{"start":{"line":25,"column":2},"end":{"line":25,"column":34}},"12":{"start":{"line":26,"column":2},"end":{"line":26,"column":22}},"13":{"start":{"line":27,"column":2},"end":{"line":29,"column":4}},"14":{"start":{"line":28,"column":4},"end":{"line":28,"column":61}},"15":{"start":{"line":30,"column":2},"end":{"line":30,"column":32}},"16":{"start":{"line":17,"column":0},"end":{"line":17,"column":16}},"17":{"start":{"line":40,"column":35},"end":{"line":40,"column":37}},"18":{"start":{"line":41,"column":2},"end":{"line":47,"column":5}},"19":{"start":{"line":42,"column":4},"end":{"line":46,"column":6}},"20":{"start":{"line":44,"column":8},"end":{"line":44,"column":44}},"21":{"start":{"line":48,"column":2},"end":{"line":48,"column":31}},"22":{"start":{"line":38,"column":0},"end":{"line":38,"column":16}},"23":{"start":{"line":51,"column":22},"end":{"line":51,"column":33}},"24":{"start":{"line":51,"column":33},"end":{"line":51,"column":42}},"25":{"start":{"line":51,"column":42},"end":{"line":51,"column":null}},"26":{"start":{"line":53,"column":4},"end":{"line":53,"column":14}},"27":{"start":{"line":56,"column":15},"end":{"line":56,"column":36}},"28":{"start":{"line":57,"column":17},"end":{"line":57,"column":39}},"29":{"start":{"line":59,"column":2},"end":{"line":61,"column":61}},"30":{"start":{"line":60,"column":41},"end":{"line":60,"column":60}},"31":{"start":{"line":61,"column":41},"end":{"line":61,"column":60}},"32":{"start":{"line":51,"column":0},"end":{"line":51,"column":16}},"33":{"start":{"line":69,"column":50},"end":{"line":69,"column":null}},"34":{"start":{"line":70,"column":20},"end":{"line":70,"column":56}},"35":{"start":{"line":71,"column":2},"end":{"line":71,"column":46}},"36":{"start":{"line":69,"column":0},"end":{"line":69,"column":16}}},"fnMap":{"0":{"name":"nameFactory","decl":{"start":{"line":9,"column":16},"end":{"line":9,"column":27}},"loc":{"start":{"line":9,"column":51},"end":{"line":15,"column":1}}},"1":{"name":"(anonymous_2)","decl":{"start":{"line":11,"column":27},"end":{"line":11,"column":34}},"loc":{"start":{"line":11,"column":34},"end":{"line":13,"column":3}}},"2":{"name":"loadScript","decl":{"start":{"line":17,"column":16},"end":{"line":17,"column":26}},"loc":{"start":{"line":20,"column":24},"end":{"line":31,"column":1}}},"3":{"name":"(anonymous_4)","decl":{"start":{"line":19,"column":2},"end":{"line":19,"column":24}},"loc":{"start":{"line":19,"column":2},"end":{"line":19,"column":25}}},"4":{"name":"(anonymous_5)","decl":{"start":{"line":20,"column":2},"end":{"line":20,"column":23}},"loc":{"start":{"line":20,"column":2},"end":{"line":20,"column":24}}},"5":{"name":"(anonymous_6)","decl":{"start":{"line":27,"column":15},"end":{"line":27,"column":null}},"loc":{"start":{"line":27,"column":15},"end":{"line":29,"column":3}}},"6":{"name":"loadScripts","decl":{"start":{"line":38,"column":16},"end":{"line":38,"column":27}},"loc":{"start":{"line":38,"column":72},"end":{"line":49,"column":1}}},"7":{"name":"(anonymous_8)","decl":{"start":{"line":41,"column":17},"end":{"line":41,"column":23}},"loc":{"start":{"line":41,"column":23},"end":{"line":47,"column":3}}},"8":{"name":"(anonymous_9)","decl":{"start":{"line":43,"column":18},"end":{"line":43,"column":19}},"loc":{"start":{"line":43,"column":34},"end":{"line":45,"column":7}}},"9":{"name":"range","decl":{"start":{"line":51,"column":16},"end":{"line":51,"column":21}},"loc":{"start":{"line":51,"column":50},"end":{"line":62,"column":1}}},"10":{"name":"(anonymous_11)","decl":{"start":{"line":60,"column":29},"end":{"line":60,"column":30}},"loc":{"start":{"line":60,"column":36},"end":{"line":60,"column":46}}},"11":{"name":"(anonymous_12)","decl":{"start":{"line":61,"column":29},"end":{"line":61,"column":30}},"loc":{"start":{"line":61,"column":36},"end":{"line":61,"column":46}}},"12":{"name":"generateImageHolder","decl":{"start":{"line":69,"column":16},"end":{"line":69,"column":35}},"loc":{"start":{"line":69,"column":59},"end":{"line":72,"column":1}}}},"branchMap":{"0":{"loc":{"start":{"line":19,"column":2},"end":{"line":19,"column":null}},"type":"if","locations":[{"start":{"line":19,"column":2},"end":{"line":19,"column":null}},{"start":{"line":19,"column":2},"end":{"line":19,"column":null}}]},"1":{"loc":{"start":{"line":20,"column":2},"end":{"line":20,"column":null}},"type":"if","locations":[{"start":{"line":20,"column":2},"end":{"line":20,"column":null}},{"start":{"line":20,"column":2},"end":{"line":20,"column":null}}]},"2":{"loc":{"start":{"line":51,"column":22},"end":{"line":51,"column":33}},"type":"if","locations":[{"start":{"line":51,"column":22},"end":{"line":51,"column":33}},{"start":{"line":51,"column":22},"end":{"line":51,"column":33}}]},"3":{"loc":{"start":{"line":51,"column":33},"end":{"line":51,"column":42}},"type":"if","locations":[{"start":{"line":51,"column":33},"end":{"line":51,"column":42}},{"start":{"line":51,"column":33},"end":{"line":51,"column":42}}]},"4":{"loc":{"start":{"line":51,"column":42},"end":{"line":51,"column":null}},"type":"if","locations":[{"start":{"line":51,"column":42},"end":{"line":51,"column":null}},{"start":{"line":51,"column":42},"end":{"line":51,"column":null}}]},"5":{"loc":{"start":{"line":52,"column":6},"end":{"line":52,"column":19}},"type":"binary-expr","locations":[{"start":{"line":52,"column":6},"end":{"line":52,"column":19}},{"start":{"line":52,"column":23},"end":{"line":52,"column":33}}]},"6":{"loc":{"start":{"line":60,"column":6},"end":{"line":60,"column":60}},"type":"cond-expr","locations":[{"start":{"line":60,"column":6},"end":{"line":60,"column":60}},{"start":{"line":61,"column":6},"end":{"line":61,"column":60}}]},"7":{"loc":{"start":{"line":69,"column":50},"end":{"line":69,"column":null}},"type":"if","locations":[{"start":{"line":69,"column":50},"end":{"line":69,"column":null}},{"start":{"line":69,"column":50},"end":{"line":69,"column":null}}]}},"s":{"0":1,"1":1,"2":1,"3":2,"4":1,"5":1,"6":0,"7":0,"8":0,"9":0,"10":0,"11":0,"12":0,"13":0,"14":0,"15":0,"16":1,"17":0,"18":0,"19":0,"20":0,"21":0,"22":1,"23":0,"24":0,"25":0,"26":0,"27":0,"28":0,"29":0,"30":0,"31":0,"32":1,"33":0,"34":0,"35":0,"36":1},"f":{"0":1,"1":2,"2":0,"3":0,"4":0,"5":0,"6":0,"7":0,"8":0,"9":0,"10":0,"11":0,"12":0},"b":{"0":[0,0],"1":[0,0],"2":[0,0],"3":[0,0],"4":[0,0],"5":[0,0],"6":[0,0],"7":[0,0]}}
,"/Users/johnson/development/coingecko/nft-manager-gh/src/helper/class/Web3Class.ts": {"path":"/Users/johnson/development/coingecko/nft-manager-gh/src/helper/class/Web3Class.ts","statementMap":{"0":{"start":{"line":1,"column":0},"end":{"line":1,"column":24}},"1":{"start":{"line":4,"column":0},"end":{"line":4,"column":13}},"2":{"start":{"line":5,"column":9},"end":{"line":5,"column":34}},"3":{"start":{"line":6,"column":9},"end":{"line":6,"column":39}},"4":{"start":{"line":7,"column":9},"end":{"line":7,"column":25}},"5":{"start":{"line":8,"column":9},"end":{"line":8,"column":28}},"6":{"start":{"line":15,"column":9},"end":{"line":27,"column":null}},"7":{"start":{"line":17,"column":6},"end":{"line":17,"column":30}},"8":{"start":{"line":18,"column":6},"end":{"line":18,"column":26}},"9":{"start":{"line":19,"column":6},"end":{"line":19,"column":13}},"10":{"start":{"line":23,"column":6},"end":{"line":23,"column":33}},"11":{"start":{"line":25,"column":6},"end":{"line":25,"column":30}},"12":{"start":{"line":35,"column":9},"end":{"line":46,"column":null}},"13":{"start":{"line":35,"column":2},"end":{"line":35,"column":9}},"14":{"start":{"line":36,"column":4},"end":{"line":45,"column":7}},"15":{"start":{"line":37,"column":6},"end":{"line":44,"column":9}},"16":{"start":{"line":40,"column":10},"end":{"line":40,"column":23}},"17":{"start":{"line":42,"column":10},"end":{"line":42,"column":24}},"18":{"start":{"line":52,"column":15},"end":{"line":75,"column":null}},"19":{"start":{"line":53,"column":4},"end":{"line":53,"column":7}},"20":{"start":{"line":54,"column":4},"end":{"line":54,"column":11}},"21":{"start":{"line":55,"column":4},"end":{"line":55,"column":7}},"22":{"start":{"line":61,"column":16},"end":{"line":61,"column":null}},"23":{"start":{"line":61,"column":10},"end":{"line":61,"column":null}},"24":{"start":{"line":62,"column":20},"end":{"line":62,"column":null}},"25":{"start":{"line":62,"column":10},"end":{"line":62,"column":null}},"26":{"start":{"line":64,"column":6},"end":{"line":64,"column":73}},"27":{"start":{"line":65,"column":6},"end":{"line":65,"column":13}},"28":{"start":{"line":68,"column":6},"end":{"line":71,"column":16}},"29":{"start":{"line":73,"column":6},"end":{"line":73,"column":74}},"30":{"start":{"line":77,"column":9},"end":{"line":99,"column":null}},"31":{"start":{"line":77,"column":2},"end":{"line":77,"column":9}},"32":{"start":{"line":78,"column":4},"end":{"line":98,"column":7}},"33":{"start":{"line":81,"column":11},"end":{"line":86,"column":13}},"34":{"start":{"line":83,"column":14},"end":{"line":83,"column":25}},"35":{"start":{"line":85,"column":12},"end":{"line":85,"column":25}},"36":{"start":{"line":88,"column":10},"end":{"line":88,"column":21}},"37":{"start":{"line":91,"column":8},"end":{"line":96,"column":13}},"38":{"start":{"line":95,"column":12},"end":{"line":95,"column":23}},"39":{"start":{"line":107,"column":9},"end":{"line":128,"column":null}},"40":{"start":{"line":107,"column":2},"end":{"line":107,"column":9}},"41":{"start":{"line":109,"column":4},"end":{"line":127,"column":7}},"42":{"start":{"line":111,"column":9},"end":{"line":120,"column":10}},"43":{"start":{"line":116,"column":14},"end":{"line":116,"column":26}},"44":{"start":{"line":118,"column":12},"end":{"line":118,"column":25}},"45":{"start":{"line":122,"column":8},"end":{"line":125,"column":25}},"46":{"start":{"line":130,"column":9},"end":{"line":145,"column":null}},"47":{"start":{"line":130,"column":2},"end":{"line":130,"column":9}},"48":{"start":{"line":131,"column":4},"end":{"line":144,"column":7}},"49":{"start":{"line":133,"column":9},"end":{"line":138,"column":11}},"50":{"start":{"line":135,"column":12},"end":{"line":135,"column":24}},"51":{"start":{"line":137,"column":10},"end":{"line":137,"column":23}},"52":{"start":{"line":140,"column":8},"end":{"line":142,"column":25}},"53":{"start":{"line":147,"column":9},"end":{"line":166,"column":null}},"54":{"start":{"line":147,"column":2},"end":{"line":147,"column":9}},"55":{"start":{"line":148,"column":4},"end":{"line":165,"column":7}},"56":{"start":{"line":150,"column":9},"end":{"line":155,"column":11}},"57":{"start":{"line":152,"column":12},"end":{"line":152,"column":24}},"58":{"start":{"line":154,"column":10},"end":{"line":154,"column":23}},"59":{"start":{"line":157,"column":8},"end":{"line":163,"column":11}},"60":{"start":{"line":159,"column":12},"end":{"line":159,"column":24}},"61":{"start":{"line":161,"column":12},"end":{"line":161,"column":25}},"62":{"start":{"line":167,"column":0},"end":{"line":167,"column":null}},"63":{"start":{"line":4,"column":13},"end":{"line":4,"column":22}}},"fnMap":{"0":{"name":"(anonymous_13)","decl":{"start":{"line":4,"column":0},"end":{"line":4,"column":13}},"loc":{"start":{"line":4,"column":0},"end":{"line":167,"column":null}}},"1":{"name":"(anonymous_15)","decl":{"start":{"line":15,"column":2},"end":{"line":15,"column":9}},"loc":{"start":{"line":15,"column":26},"end":{"line":27,"column":3}}},"2":{"name":"(anonymous_16)","decl":{"start":{"line":35,"column":2},"end":{"line":35,"column":9}},"loc":{"start":{"line":35,"column":2},"end":{"line":46,"column":3}}},"3":{"name":"(anonymous_17)","decl":{"start":{"line":36,"column":23},"end":{"line":36,"column":24}},"loc":{"start":{"line":36,"column":39},"end":{"line":45,"column":5}}},"4":{"name":"(anonymous_18)","decl":{"start":{"line":37,"column":33},"end":{"line":37,"column":34}},"loc":{"start":{"line":37,"column":44},"end":{"line":44,"column":7}}},"5":{"name":"(anonymous_22)","decl":{"start":{"line":77,"column":2},"end":{"line":77,"column":9}},"loc":{"start":{"line":77,"column":31},"end":{"line":99,"column":3}}},"6":{"name":"(anonymous_23)","decl":{"start":{"line":78,"column":23},"end":{"line":78,"column":24}},"loc":{"start":{"line":78,"column":39},"end":{"line":98,"column":5}}},"7":{"name":"(anonymous_24)","decl":{"start":{"line":81,"column":45},"end":{"line":81,"column":46}},"loc":{"start":{"line":81,"column":69},"end":{"line":86,"column":11}}},"8":{"name":"(anonymous_25)","decl":{"start":{"line":94,"column":17},"end":{"line":94,"column":18}},"loc":{"start":{"line":94,"column":26},"end":{"line":96,"column":11}}},"9":{"name":"(anonymous_26)","decl":{"start":{"line":107,"column":2},"end":{"line":107,"column":9}},"loc":{"start":{"line":107,"column":48},"end":{"line":128,"column":3}}},"10":{"name":"(anonymous_27)","decl":{"start":{"line":109,"column":23},"end":{"line":109,"column":24}},"loc":{"start":{"line":109,"column":39},"end":{"line":127,"column":5}}},"11":{"name":"(anonymous_28)","decl":{"start":{"line":114,"column":10},"end":{"line":114,"column":11}},"loc":{"start":{"line":114,"column":34},"end":{"line":119,"column":11}}},"12":{"name":"(anonymous_29)","decl":{"start":{"line":130,"column":2},"end":{"line":130,"column":9}},"loc":{"start":{"line":130,"column":31},"end":{"line":145,"column":3}}},"13":{"name":"(anonymous_30)","decl":{"start":{"line":131,"column":23},"end":{"line":131,"column":24}},"loc":{"start":{"line":131,"column":39},"end":{"line":144,"column":5}}},"14":{"name":"(anonymous_31)","decl":{"start":{"line":133,"column":47},"end":{"line":133,"column":48}},"loc":{"start":{"line":133,"column":71},"end":{"line":138,"column":9}}},"15":{"name":"(anonymous_32)","decl":{"start":{"line":147,"column":2},"end":{"line":147,"column":9}},"loc":{"start":{"line":147,"column":2},"end":{"line":166,"column":3}}},"16":{"name":"(anonymous_33)","decl":{"start":{"line":148,"column":23},"end":{"line":148,"column":24}},"loc":{"start":{"line":148,"column":39},"end":{"line":165,"column":5}}},"17":{"name":"(anonymous_34)","decl":{"start":{"line":150,"column":47},"end":{"line":150,"column":48}},"loc":{"start":{"line":150,"column":71},"end":{"line":155,"column":9}}},"18":{"name":"(anonymous_35)","decl":{"start":{"line":157,"column":33},"end":{"line":157,"column":34}},"loc":{"start":{"line":157,"column":42},"end":{"line":163,"column":9}}}},"branchMap":{},"s":{"0":1,"1":1,"2":1,"3":1,"4":1,"5":1,"6":1,"7":0,"8":0,"9":0,"10":0,"11":0,"12":1,"13":0,"14":0,"15":0,"16":0,"17":0,"18":1,"19":0,"20":0,"21":0,"22":0,"23":0,"24":0,"25":0,"26":0,"27":0,"28":0,"29":0,"30":1,"31":0,"32":0,"33":0,"34":0,"35":0,"36":0,"37":0,"38":0,"39":1,"40":0,"41":0,"42":0,"43":0,"44":0,"45":0,"46":1,"47":0,"48":0,"49":0,"50":0,"51":0,"52":0,"53":1,"54":0,"55":0,"56":0,"57":0,"58":0,"59":0,"60":0,"61":0,"62":1,"63":1},"f":{"0":2,"1":0,"2":0,"3":0,"4":0,"5":0,"6":0,"7":0,"8":0,"9":0,"10":0,"11":0,"12":0,"13":0,"14":0,"15":0,"16":0,"17":0,"18":0},"b":{}}
,"/Users/johnson/development/coingecko/nft-manager-gh/src/i18n/index.ts": {"path":"/Users/johnson/development/coingecko/nft-manager-gh/src/i18n/index.ts","statementMap":{"0":{"start":{"line":1,"column":0},"end":{"line":1,"column":27}},"1":{"start":{"line":3,"column":15},"end":{"line":3,"column":30}},"2":{"start":{"line":5,"column":0},"end":{"line":5,"column":22}}},"fnMap":{},"branchMap":{},"s":{"0":0,"1":0,"2":0},"f":{},"b":{}}
,"/Users/johnson/development/coingecko/nft-manager-gh/src/layouts/MainLayout.vue": {"path":"/Users/johnson/development/coingecko/nft-manager-gh/src/layouts/MainLayout.vue","statementMap":{"0":{"start":{"line":61,"column":0},"end":{"line":61,"column":null}},"1":{"start":{"line":62,"column":0},"end":{"line":62,"column":null}},"2":{"start":{"line":63,"column":0},"end":{"line":63,"column":null}},"3":{"start":{"line":71,"column":0},"end":{"line":84,"column":null}},"4":{"start":{"line":71,"column":0},"end":{"line":71,"column":null}},"5":{"start":{"line":65,"column":0},"end":{"line":65,"column":null}},"6":{"start":{"line":72,"column":0},"end":{"line":72,"column":null}},"7":{"start":{"line":74,"column":0},"end":{"line":74,"column":null}},"8":{"start":{"line":75,"column":0},"end":{"line":75,"column":null}},"9":{"start":{"line":76,"column":0},"end":{"line":76,"column":null}},"10":{"start":{"line":81,"column":0},"end":{"line":83,"column":null}},"11":{"start":{"line":82,"column":0},"end":{"line":82,"column":null}},"12":{"start":{"line":71,"column":0},"end":{"line":65,"column":null}},"13":{"start":{"line":84,"column":0},"end":{"line":84,"column":null}}},"fnMap":{"0":{"name":"(anonymous_8)","decl":{"start":{"line":71,"column":0},"end":{"line":71,"column":null}},"loc":{"start":{"line":71,"column":0},"end":{"line":84,"column":null}}},"1":{"name":"MainLayout","decl":{"start":{"line":65,"column":0},"end":{"line":65,"column":null}},"loc":{"start":{"line":65,"column":0},"end":{"line":84,"column":null}}},"2":{"name":"(anonymous_11)","decl":{"start":{"line":75,"column":0},"end":{"line":75,"column":null}},"loc":{"start":{"line":75,"column":0},"end":{"line":75,"column":null}}},"3":{"name":"(anonymous_13)","decl":{"start":{"line":81,"column":0},"end":{"line":81,"column":null}},"loc":{"start":{"line":81,"column":0},"end":{"line":83,"column":null}}}},"branchMap":{"0":{"loc":{"start":{"line":65,"column":0},"end":{"line":65,"column":null}},"type":"binary-expr","locations":[{"start":{"line":65,"column":0},"end":{"line":65,"column":null}},{"start":{"line":65,"column":0},"end":{"line":65,"column":null}},{"start":{"line":65,"column":0},"end":{"line":65,"column":null}}]},"1":{"loc":{"start":{"line":76,"column":0},"end":{"line":76,"column":null}},"type":"cond-expr","locations":[{"start":{"line":76,"column":0},"end":{"line":76,"column":null}},{"start":{"line":76,"column":0},"end":{"line":76,"column":null}}]}},"s":{"0":0,"1":0,"2":0,"3":0,"4":0,"5":0,"6":0,"7":0,"8":0,"9":0,"10":0,"11":0,"12":0,"13":0},"f":{"0":0,"1":0,"2":0,"3":0},"b":{"0":[0,0,0],"1":[0,0]}}
,"/Users/johnson/development/coingecko/nft-manager-gh/src/mixins/W3iMixin.ts": {"path":"/Users/johnson/development/coingecko/nft-manager-gh/src/mixins/W3iMixin.ts","statementMap":{"0":{"start":{"line":3,"column":0},"end":{"line":3,"column":79}},"1":{"start":{"line":4,"column":0},"end":{"line":4,"column":56}},"2":{"start":{"line":5,"column":0},"end":{"line":5,"column":60}},"3":{"start":{"line":6,"column":0},"end":{"line":6,"column":58}},"4":{"start":{"line":7,"column":0},"end":{"line":7,"column":67}},"5":{"start":{"line":8,"column":0},"end":{"line":8,"column":29}},"6":{"start":{"line":10,"column":8},"end":{"line":10,"column":13}},"7":{"start":{"line":34,"column":0},"end":{"line":34,"column":null}},"8":{"start":{"line":34,"column":30},"end":{"line":34,"column":33}},"9":{"start":{"line":12,"column":0},"end":{"line":12,"column":1}},"10":{"start":{"line":36,"column":9},"end":{"line":36,"column":21}},"11":{"start":{"line":37,"column":9},"end":{"line":37,"column":25}},"12":{"start":{"line":51,"column":9},"end":{"line":53,"column":null}},"13":{"start":{"line":52,"column":4},"end":{"line":52,"column":32}},"14":{"start":{"line":54,"column":15},"end":{"line":77,"column":null}},"15":{"start":{"line":55,"column":4},"end":{"line":76,"column":7}},"16":{"start":{"line":57,"column":6},"end":{"line":75,"column":9}},"17":{"start":{"line":58,"column":12},"end":{"line":58,"column":13}},"18":{"start":{"line":60,"column":12},"end":{"line":60,"column":40}},"19":{"start":{"line":61,"column":12},"end":{"line":61,"column":57}},"20":{"start":{"line":63,"column":12},"end":{"line":66,"column":14}},"21":{"start":{"line":67,"column":12},"end":{"line":67,"column":30}},"22":{"start":{"line":68,"column":12},"end":{"line":68,"column":45}},"23":{"start":{"line":72,"column":10},"end":{"line":72,"column":27}},"24":{"start":{"line":74,"column":8},"end":{"line":74,"column":18}},"25":{"start":{"line":78,"column":15},"end":{"line":113,"column":null}},"26":{"start":{"line":85,"column":10},"end":{"line":85,"column":70}},"27":{"start":{"line":86,"column":10},"end":{"line":86,"column":45}},"28":{"start":{"line":87,"column":10},"end":{"line":87,"column":50}},"29":{"start":{"line":88,"column":10},"end":{"line":88,"column":31}},"30":{"start":{"line":89,"column":10},"end":{"line":89,"column":17}},"31":{"start":{"line":91,"column":10},"end":{"line":91,"column":55}},"32":{"start":{"line":94,"column":8},"end":{"line":94,"column":43}},"33":{"start":{"line":100,"column":10},"end":{"line":100,"column":55}},"34":{"start":{"line":101,"column":10},"end":{"line":101,"column":27}},"35":{"start":{"line":103,"column":10},"end":{"line":106,"column":12}},"36":{"start":{"line":107,"column":10},"end":{"line":107,"column":30}},"37":{"start":{"line":34,"column":13},"end":{"line":114,"column":null}},"38":{"start":{"line":114,"column":0},"end":{"line":114,"column":null}},"39":{"start":{"line":34,"column":13},"end":{"line":34,"column":21}}},"fnMap":{"0":{"name":"W3iMixin","decl":{"start":{"line":12,"column":0},"end":{"line":12,"column":1}},"loc":{"start":{"line":12,"column":0},"end":{"line":114,"column":null}}},"1":{"name":"(anonymous_23)","decl":{"start":{"line":51,"column":2},"end":{"line":51,"column":9}},"loc":{"start":{"line":51,"column":28},"end":{"line":53,"column":3}}},"2":{"name":"(anonymous_27)","decl":{"start":{"line":55,"column":23},"end":{"line":55,"column":24}},"loc":{"start":{"line":55,"column":39},"end":{"line":76,"column":5}}}},"branchMap":{"0":{"loc":{"start":{"line":12,"column":0},"end":{"line":12,"column":1}},"type":"binary-expr","locations":[{"start":{"line":12,"column":0},"end":{"line":12,"column":1}},{"start":{"line":12,"column":0},"end":{"line":12,"column":1}},{"start":{"line":12,"column":0},"end":{"line":12,"column":1}}]},"1":{"loc":{"start":{"line":64,"column":14},"end":{"line":64,"column":25}},"type":"binary-expr","locations":[{"start":{"line":64,"column":14},"end":{"line":64,"column":25}},{"start":{"line":64,"column":29},"end":{"line":64,"column":56}}]},"2":{"loc":{"start":{"line":104,"column":23},"end":{"line":104,"column":37}},"type":"binary-expr","locations":[{"start":{"line":104,"column":23},"end":{"line":104,"column":37}},{"start":{"line":105,"column":14},"end":{"line":105,"column":40}}]}},"s":{"0":0,"1":0,"2":0,"3":0,"4":0,"5":0,"6":0,"7":0,"8":0,"9":0,"10":0,"11":0,"12":0,"13":0,"14":0,"15":0,"16":0,"17":0,"18":0,"19":0,"20":0,"21":0,"22":0,"23":0,"24":0,"25":0,"26":0,"27":0,"28":0,"29":0,"30":0,"31":0,"32":0,"33":0,"34":0,"35":0,"36":0,"37":0,"38":0,"39":0},"f":{"0":0,"1":0,"2":0},"b":{"0":[0,0,0],"1":[0,0],"2":[0,0]}}
,"/Users/johnson/development/coingecko/nft-manager-gh/src/pages/Error404.vue": {"path":"/Users/johnson/development/coingecko/nft-manager-gh/src/pages/Error404.vue","statementMap":{"0":{"start":{"line":14,"column":0},"end":{"line":14,"column":null}},"1":{"start":{"line":19,"column":0},"end":{"line":19,"column":null}},"2":{"start":{"line":19,"column":0},"end":{"line":16,"column":null}}},"fnMap":{"0":{"name":"(anonymous_8)","decl":{"start":{"line":19,"column":0},"end":{"line":19,"column":null}},"loc":{"start":{"line":19,"column":0},"end":{"line":19,"column":null}}}},"branchMap":{},"s":{"0":0,"1":0,"2":0},"f":{"0":0},"b":{}}
,"/Users/johnson/development/coingecko/nft-manager-gh/src/pages/Index.vue": {"path":"/Users/johnson/development/coingecko/nft-manager-gh/src/pages/Index.vue","statementMap":{"0":{"start":{"line":13,"column":0},"end":{"line":13,"column":null}},"1":{"start":{"line":14,"column":0},"end":{"line":14,"column":null}},"2":{"start":{"line":15,"column":0},"end":{"line":15,"column":null}},"3":{"start":{"line":16,"column":0},"end":{"line":16,"column":null}},"4":{"start":{"line":18,"column":0},"end":{"line":21,"column":null}},"5":{"start":{"line":21,"column":0},"end":{"line":21,"column":null}},"6":{"start":{"line":23,"column":0},"end":{"line":26,"column":null}},"7":{"start":{"line":26,"column":0},"end":{"line":26,"column":null}},"8":{"start":{"line":37,"column":0},"end":{"line":42,"column":null}},"9":{"start":{"line":37,"column":0},"end":{"line":37,"column":null}},"10":{"start":{"line":38,"column":0},"end":{"line":41,"column":null}},"11":{"start":{"line":39,"column":0},"end":{"line":39,"column":null}},"12":{"start":{"line":40,"column":0},"end":{"line":40,"column":null}},"13":{"start":{"line":37,"column":0},"end":{"line":29,"column":null}},"14":{"start":{"line":42,"column":0},"end":{"line":42,"column":null}}},"fnMap":{"0":{"name":"(anonymous_22)","decl":{"start":{"line":21,"column":0},"end":{"line":21,"column":null}},"loc":{"start":{"line":21,"column":0},"end":{"line":21,"column":null}}},"1":{"name":"(anonymous_24)","decl":{"start":{"line":26,"column":0},"end":{"line":26,"column":null}},"loc":{"start":{"line":26,"column":0},"end":{"line":26,"column":null}}},"2":{"name":"(anonymous_26)","decl":{"start":{"line":37,"column":0},"end":{"line":37,"column":null}},"loc":{"start":{"line":37,"column":0},"end":{"line":42,"column":null}}},"3":{"name":"(anonymous_28)","decl":{"start":{"line":38,"column":0},"end":{"line":38,"column":null}},"loc":{"start":{"line":38,"column":0},"end":{"line":41,"column":null}}}},"branchMap":{},"s":{"0":0,"1":0,"2":0,"3":0,"4":0,"5":0,"6":0,"7":0,"8":0,"9":0,"10":0,"11":0,"12":0,"13":0,"14":0},"f":{"0":0,"1":0,"2":0,"3":0},"b":{}}
,"/Users/johnson/development/coingecko/nft-manager-gh/src/pages/NFT.vue": {"path":"/Users/johnson/development/coingecko/nft-manager-gh/src/pages/NFT.vue","statementMap":{"0":{"start":{"line":70,"column":0},"end":{"line":70,"column":null}},"1":{"start":{"line":71,"column":0},"end":{"line":71,"column":null}},"2":{"start":{"line":72,"column":0},"end":{"line":72,"column":null}},"3":{"start":{"line":73,"column":0},"end":{"line":73,"column":null}},"4":{"start":{"line":74,"column":0},"end":{"line":74,"column":null}},"5":{"start":{"line":75,"column":0},"end":{"line":75,"column":null}},"6":{"start":{"line":76,"column":0},"end":{"line":76,"column":null}},"7":{"start":{"line":77,"column":0},"end":{"line":77,"column":null}},"8":{"start":{"line":78,"column":0},"end":{"line":78,"column":null}},"9":{"start":{"line":79,"column":0},"end":{"line":79,"column":null}},"10":{"start":{"line":107,"column":0},"end":{"line":160,"column":null}},"11":{"start":{"line":107,"column":0},"end":{"line":107,"column":null}},"12":{"start":{"line":81,"column":0},"end":{"line":81,"column":null}},"13":{"start":{"line":109,"column":0},"end":{"line":109,"column":null}},"14":{"start":{"line":110,"column":0},"end":{"line":110,"column":null}},"15":{"start":{"line":111,"column":0},"end":{"line":111,"column":null}},"16":{"start":{"line":112,"column":0},"end":{"line":112,"column":null}},"17":{"start":{"line":119,"column":0},"end":{"line":159,"column":null}},"18":{"start":{"line":120,"column":0},"end":{"line":120,"column":null}},"19":{"start":{"line":121,"column":0},"end":{"line":121,"column":null}},"20":{"start":{"line":122,"column":0},"end":{"line":122,"column":null}},"21":{"start":{"line":123,"column":0},"end":{"line":123,"column":null}},"22":{"start":{"line":125,"column":0},"end":{"line":151,"column":null}},"23":{"start":{"line":126,"column":0},"end":{"line":126,"column":null}},"24":{"start":{"line":127,"column":0},"end":{"line":127,"column":null}},"25":{"start":{"line":128,"column":0},"end":{"line":135,"column":null}},"26":{"start":{"line":129,"column":0},"end":{"line":129,"column":null}},"27":{"start":{"line":130,"column":0},"end":{"line":130,"column":null}},"28":{"start":{"line":134,"column":0},"end":{"line":134,"column":null}},"29":{"start":{"line":136,"column":0},"end":{"line":143,"column":null}},"30":{"start":{"line":137,"column":0},"end":{"line":137,"column":null}},"31":{"start":{"line":138,"column":0},"end":{"line":138,"column":null}},"32":{"start":{"line":142,"column":0},"end":{"line":142,"column":null}},"33":{"start":{"line":145,"column":0},"end":{"line":145,"column":null}},"34":{"start":{"line":149,"column":0},"end":{"line":149,"column":null}},"35":{"start":{"line":150,"column":0},"end":{"line":150,"column":null}},"36":{"start":{"line":152,"column":0},"end":{"line":152,"column":null}},"37":{"start":{"line":154,"column":0},"end":{"line":154,"column":null}},"38":{"start":{"line":157,"column":0},"end":{"line":157,"column":null}},"39":{"start":{"line":158,"column":0},"end":{"line":158,"column":null}},"40":{"start":{"line":107,"column":0},"end":{"line":81,"column":null}},"41":{"start":{"line":160,"column":0},"end":{"line":160,"column":null}}},"fnMap":{"0":{"name":"(anonymous_22)","decl":{"start":{"line":107,"column":0},"end":{"line":107,"column":null}},"loc":{"start":{"line":107,"column":0},"end":{"line":160,"column":null}}},"1":{"name":"NFTPage","decl":{"start":{"line":81,"column":0},"end":{"line":81,"column":null}},"loc":{"start":{"line":81,"column":0},"end":{"line":160,"column":null}}},"2":{"name":"(anonymous_24)","decl":{"start":{"line":119,"column":0},"end":{"line":119,"column":null}},"loc":{"start":{"line":119,"column":0},"end":{"line":159,"column":null}}},"3":{"name":"(anonymous_27)","decl":{"start":{"line":154,"column":0},"end":{"line":154,"column":null}},"loc":{"start":{"line":154,"column":0},"end":{"line":154,"column":null}}}},"branchMap":{"0":{"loc":{"start":{"line":81,"column":0},"end":{"line":81,"column":null}},"type":"binary-expr","locations":[{"start":{"line":81,"column":0},"end":{"line":81,"column":null}},{"start":{"line":81,"column":0},"end":{"line":81,"column":null}},{"start":{"line":81,"column":0},"end":{"line":81,"column":null}}]},"1":{"loc":{"start":{"line":123,"column":0},"end":{"line":123,"column":null}},"type":"binary-expr","locations":[{"start":{"line":123,"column":0},"end":{"line":123,"column":null}},{"start":{"line":123,"column":0},"end":{"line":123,"column":null}}]},"2":{"loc":{"start":{"line":125,"column":0},"end":{"line":151,"column":null}},"type":"if","locations":[{"start":{"line":125,"column":0},"end":{"line":151,"column":null}},{"start":{"line":125,"column":0},"end":{"line":151,"column":null}}]},"3":{"loc":{"start":{"line":128,"column":0},"end":{"line":135,"column":null}},"type":"if","locations":[{"start":{"line":128,"column":0},"end":{"line":135,"column":null}},{"start":{"line":128,"column":0},"end":{"line":135,"column":null}}]},"4":{"loc":{"start":{"line":136,"column":0},"end":{"line":143,"column":null}},"type":"if","locations":[{"start":{"line":136,"column":0},"end":{"line":143,"column":null}},{"start":{"line":136,"column":0},"end":{"line":143,"column":null}}]}},"s":{"0":0,"1":0,"2":0,"3":0,"4":0,"5":0,"6":0,"7":0,"8":0,"9":0,"10":0,"11":0,"12":0,"13":0,"14":0,"15":0,"16":0,"17":0,"18":0,"19":0,"20":0,"21":0,"22":0,"23":0,"24":0,"25":0,"26":0,"27":0,"28":0,"29":0,"30":0,"31":0,"32":0,"33":0,"34":0,"35":0,"36":0,"37":0,"38":0,"39":0,"40":0,"41":0},"f":{"0":0,"1":0,"2":0,"3":0},"b":{"0":[0,0,0],"1":[0,0],"2":[0,0],"3":[0,0],"4":[0,0]}}
,"/Users/johnson/development/coingecko/nft-manager-gh/src/pages/Settings.vue": {"path":"/Users/johnson/development/coingecko/nft-manager-gh/src/pages/Settings.vue","statementMap":{"0":{"start":{"line":30,"column":0},"end":{"line":30,"column":null}},"1":{"start":{"line":31,"column":0},"end":{"line":31,"column":null}},"2":{"start":{"line":32,"column":0},"end":{"line":32,"column":null}},"3":{"start":{"line":33,"column":0},"end":{"line":33,"column":null}},"4":{"start":{"line":46,"column":0},"end":{"line":61,"column":null}},"5":{"start":{"line":46,"column":0},"end":{"line":46,"column":null}},"6":{"start":{"line":47,"column":0},"end":{"line":47,"column":null}},"7":{"start":{"line":48,"column":0},"end":{"line":48,"column":null}},"8":{"start":{"line":52,"column":0},"end":{"line":52,"column":null}},"9":{"start":{"line":55,"column":0},"end":{"line":60,"column":null}},"10":{"start":{"line":56,"column":0},"end":{"line":56,"column":null}},"11":{"start":{"line":57,"column":0},"end":{"line":59,"column":null}},"12":{"start":{"line":58,"column":0},"end":{"line":58,"column":null}},"13":{"start":{"line":46,"column":0},"end":{"line":35,"column":null}},"14":{"start":{"line":61,"column":0},"end":{"line":61,"column":null}}},"fnMap":{"0":{"name":"(anonymous_10)","decl":{"start":{"line":46,"column":0},"end":{"line":46,"column":null}},"loc":{"start":{"line":46,"column":0},"end":{"line":61,"column":null}}},"1":{"name":"(anonymous_14)","decl":{"start":{"line":55,"column":0},"end":{"line":55,"column":null}},"loc":{"start":{"line":55,"column":0},"end":{"line":60,"column":null}}},"2":{"name":"(anonymous_15)","decl":{"start":{"line":57,"column":0},"end":{"line":57,"column":null}},"loc":{"start":{"line":57,"column":0},"end":{"line":59,"column":null}}}},"branchMap":{},"s":{"0":0,"1":0,"2":0,"3":0,"4":0,"5":0,"6":0,"7":0,"8":0,"9":0,"10":0,"11":0,"12":0,"13":0,"14":0},"f":{"0":0,"1":0,"2":0},"b":{}}
,"/Users/johnson/development/coingecko/nft-manager-gh/src/pages/ShowAllNFT.vue": {"path":"/Users/johnson/development/coingecko/nft-manager-gh/src/pages/ShowAllNFT.vue","statementMap":{"0":{"start":{"line":13,"column":0},"end":{"line":13,"column":null}},"1":{"start":{"line":14,"column":0},"end":{"line":14,"column":null}},"2":{"start":{"line":16,"column":0},"end":{"line":17,"column":null}},"3":{"start":{"line":17,"column":0},"end":{"line":17,"column":null}},"4":{"start":{"line":23,"column":0},"end":{"line":25,"column":null}},"5":{"start":{"line":23,"column":0},"end":{"line":23,"column":null}},"6":{"start":{"line":20,"column":0},"end":{"line":20,"column":null}},"7":{"start":{"line":24,"column":0},"end":{"line":24,"column":null}},"8":{"start":{"line":23,"column":0},"end":{"line":20,"column":null}},"9":{"start":{"line":25,"column":0},"end":{"line":25,"column":null}}},"fnMap":{"0":{"name":"(anonymous_8)","decl":{"start":{"line":16,"column":0},"end":{"line":16,"column":null}},"loc":{"start":{"line":16,"column":0},"end":{"line":17,"column":null}}},"1":{"name":"(anonymous_9)","decl":{"start":{"line":17,"column":0},"end":{"line":17,"column":null}},"loc":{"start":{"line":17,"column":0},"end":{"line":17,"column":null}}},"2":{"name":"(anonymous_10)","decl":{"start":{"line":23,"column":0},"end":{"line":23,"column":null}},"loc":{"start":{"line":23,"column":0},"end":{"line":25,"column":null}}},"3":{"name":"ShowAllNFTPage","decl":{"start":{"line":20,"column":0},"end":{"line":20,"column":null}},"loc":{"start":{"line":20,"column":0},"end":{"line":25,"column":null}}}},"branchMap":{"0":{"loc":{"start":{"line":20,"column":0},"end":{"line":20,"column":null}},"type":"binary-expr","locations":[{"start":{"line":20,"column":0},"end":{"line":20,"column":null}},{"start":{"line":20,"column":0},"end":{"line":20,"column":null}},{"start":{"line":20,"column":0},"end":{"line":20,"column":null}}]}},"s":{"0":0,"1":0,"2":0,"3":0,"4":0,"5":0,"6":0,"7":0,"8":0,"9":0},"f":{"0":0,"1":0,"2":0,"3":0},"b":{"0":[0,0,0]}}
[...]
ore/contract/mutations.ts": {"path":"/Users/johnson/development/coingecko/nft-manager-gh/src/store/contract/mutations.ts","statementMap":{"0":{"start":{"line":2,"column":0},"end":{"line":2,"column":22}},"1":{"start":{"line":4,"column":0},"end":{"line":4,"column":47}},"2":{"start":{"line":10,"column":4},"end":{"line":10,"column":20}},"3":{"start":{"line":14,"column":4},"end":{"line":14,"column":28}},"4":{"start":{"line":18,"column":4},"end":{"line":18,"column":28}},"5":{"start":{"line":24,"column":6},"end":{"line":24,"column":15}},"6":{"start":{"line":25,"column":6},"end":{"line":25,"column":11}},"7":{"start":{"line":26,"column":6},"end":{"line":26,"column":13}},"8":{"start":{"line":29,"column":4},"end":{"line":29,"column":53}},"9":{"start":{"line":30,"column":4},"end":{"line":44,"column":7}},"10":{"start":{"line":31,"column":6},"end":{"line":43,"column":9}},"11":{"start":{"line":49,"column":6},"end":{"line":49,"column":14}},"12":{"start":{"line":50,"column":6},"end":{"line":50,"column":10}},"13":{"start":{"line":51,"column":6},"end":{"line":51,"column":13}},"14":{"start":{"line":54,"column":4},"end":{"line":65,"column":7}},"15":{"start":{"line":70,"column":6},"end":{"line":70,"column":10}},"16":{"start":{"line":70,"column":12},"end":{"line":70,"column":15}},"17":{"start":{"line":70,"column":17},"end":{"line":70,"column":24}},"18":{"start":{"line":79,"column":4},"end":{"line":82,"column":7}},"19":{"start":{"line":87,"column":6},"end":{"line":87,"column":10}},"20":{"start":{"line":87,"column":12},"end":{"line":87,"column":14}},"21":{"start":{"line":87,"column":16},"end":{"line":87,"column":23}},"22":{"start":{"line":89,"column":4},"end":{"line":95,"column":7}},"23":{"start":{"line":100,"column":6},"end":{"line":100,"column":8}},"24":{"start":{"line":100,"column":10},"end":{"line":100,"column":15}},"25":{"start":{"line":100,"column":17},"end":{"line":100,"column":24}},"26":{"start":{"line":102,"column":28},"end":{"line":102,"column":70}},"27":{"start":{"line":103,"column":18},"end":{"line":103,"column":67}},"28":{"start":{"line":103,"column":54},"end":{"line":103,"column":67}},"29":{"start":{"line":104,"column":25},"end":{"line":104,"column":51}},"30":{"start":{"line":105,"column":22},"end":{"line":107,"column":null}},"31":{"start":{"line":109,"column":21},"end":{"line":111,"column":79}},"32":{"start":{"line":112,"column":4},"end":{"line":118,"column":7}},"33":{"start":{"line":122,"column":4},"end":{"line":122,"column":22}},"34":{"start":{"line":126,"column":0},"end":{"line":126,"column":25}}},"fnMap":{"0":{"name":"(anonymous_3)","decl":{"start":{"line":9,"column":2},"end":{"line":9,"column":3}},"loc":{"start":{"line":9,"column":44},"end":{"line":11,"column":3}}},"1":{"name":"(anonymous_4)","decl":{"start":{"line":13,"column":2},"end":{"line":13,"column":3}},"loc":{"start":{"line":13,"column":59},"end":{"line":15,"column":3}}},"2":{"name":"(anonymous_5)","decl":{"start":{"line":17,"column":2},"end":{"line":17,"column":3}},"loc":{"start":{"line":17,"column":58},"end":{"line":19,"column":3}}},"3":{"name":"(anonymous_6)","decl":{"start":{"line":21,"column":2},"end":{"line":21,"column":3}},"loc":{"start":{"line":27,"column":70},"end":{"line":45,"column":3}}},"4":{"name":"(anonymous_7)","decl":{"start":{"line":30,"column":18},"end":{"line":30,"column":19}},"loc":{"start":{"line":30,"column":28},"end":{"line":44,"column":5}}},"5":{"name":"(anonymous_8)","decl":{"start":{"line":46,"column":2},"end":{"line":46,"column":3}},"loc":{"start":{"line":52,"column":64},"end":{"line":66,"column":3}}},"6":{"name":"(anonymous_9)","decl":{"start":{"line":68,"column":2},"end":{"line":68,"column":3}},"loc":{"start":{"line":70,"column":74},"end":{"line":83,"column":3}}},"7":{"name":"(anonymous_10)","decl":{"start":{"line":85,"column":2},"end":{"line":85,"column":3}},"loc":{"start":{"line":87,"column":72},"end":{"line":96,"column":3}}},"8":{"name":"(anonymous_11)","decl":{"start":{"line":98,"column":2},"end":{"line":98,"column":3}},"loc":{"start":{"line":100,"column":74},"end":{"line":119,"column":3}}},"9":{"name":"(anonymous_12)","decl":{"start":{"line":103,"column":48},"end":{"line":103,"column":50}},"loc":{"start":{"line":103,"column":50},"end":{"line":103,"column":56}}},"10":{"name":"(anonymous_13)","decl":{"start":{"line":121,"column":2},"end":{"line":121,"column":3}},"loc":{"start":{"line":121,"column":52},"end":{"line":123,"column":3}}}},"branchMap":{"0":{"loc":{"start":{"line":104,"column":40},"end":{"line":104,"column":43}},"type":"cond-expr","locations":[{"start":{"line":104,"column":40},"end":{"line":104,"column":43}},{"start":{"line":104,"column":46},"end":{"line":104,"column":51}}]},"1":{"loc":{"start":{"line":107,"column":28},"end":{"line":107,"column":58}},"type":"cond-expr","locations":[{"start":{"line":107,"column":28},"end":{"line":107,"column":58}},{"start":{"line":107,"column":61},"end":{"line":107,"column":73}}]},"2":{"loc":{"start":{"line":110,"column":8},"end":{"line":110,"column":10}},"type":"cond-expr","locations":[{"start":{"line":110,"column":8},"end":{"line":110,"column":10}},{"start":{"line":111,"column":8},"end":{"line":111,"column":79}}]}},"s":{"0":1,"1":1,"2":1,"3":1,"4":1,"5":1,"6":1,"7":1,"8":1,"9":1,"10":2,"11":1,"12":1,"13":1,"14":1,"15":1,"16":1,"17":1,"18":1,"19":5,"20":5,"21":5,"22":5,"23":3,"24":3,"25":3,"26":3,"27":3,"28":6,"29":3,"30":3,"31":3,"32":3,"33":1,"34":1},"f":{"0":1,"1":1,"2":1,"3":1,"4":2,"5":1,"6":1,"7":5,"8":3,"9":6,"10":1},"b":{"0":[0,3],"1":[0,3],"2":[0,3]}}
,"/Users/johnson/development/coingecko/nft-manager-gh/src/store/contract/names.ts": {"path":"/Users/johnson/development/coingecko/nft-manager-gh/src/store/contract/names.ts","statementMap":{"0":{"start":{"line":2,"column":13},"end":{"line":10,"column":2}},"1":{"start":{"line":12,"column":13},"end":{"line":19,"column":2}},"2":{"start":{"line":21,"column":13},"end":{"line":31,"column":2}}},"fnMap":{},"branchMap":{},"s":{"0":2,"1":2,"2":2},"f":{},"b":{}}
,"/Users/johnson/development/coingecko/nft-manager-gh/src/store/contract/state.ts": {"path":"/Users/johnson/development/coingecko/nft-manager-gh/src/store/contract/state.ts","statementMap":{"0":{"start":{"line":35,"column":0},"end":{"line":35,"column":21}}},"fnMap":{},"branchMap":{},"s":{"0":0},"f":{},"b":{}}
,"/Users/johnson/development/coingecko/nft-manager-gh/src/store/settings/actions.ts": {"path":"/Users/johnson/development/coingecko/nft-manager-gh/src/store/settings/actions.ts","statementMap":{"0":{"start":{"line":1,"column":0},"end":{"line":1,"column":38}},"1":{"start":{"line":3,"column":0},"end":{"line":3,"column":67}},"2":{"start":{"line":4,"column":0},"end":{"line":4,"column":40}},"3":{"start":{"line":10,"column":45},"end":{"line":10,"column":50}},"4":{"start":{"line":10,"column":52},"end":{"line":10,"column":58}},"5":{"start":{"line":11,"column":16},"end":{"line":11,"column":null}},"6":{"start":{"line":11,"column":10},"end":{"line":11,"column":null}},"7":{"start":{"line":12,"column":4},"end":{"line":12,"column":50}},"8":{"start":{"line":16,"column":0},"end":{"line":16,"column":23}}},"fnMap":{},"branchMap":{},"s":{"0":0,"1":0,"2":0,"3":0,"4":0,"5":0,"6":0,"7":0,"8":0},"f":{},"b":{}}
,"/Users/johnson/development/coingecko/nft-manager-gh/src/store/settings/getters.ts": {"path":"/Users/johnson/development/coingecko/nft-manager-gh/src/store/settings/getters.ts","statementMap":{"0":{"start":{"line":3,"column":0},"end":{"line":3,"column":45}},"1":{"start":{"line":9,"column":4},"end":{"line":9,"column":26}},"2":{"start":{"line":12,"column":4},"end":{"line":12,"column":31}},"3":{"start":{"line":16,"column":0},"end":{"line":16,"column":23}}},"fnMap":{"0":{"name":"(anonymous_0)","decl":{"start":{"line":8,"column":2},"end":{"line":8,"column":3}},"loc":{"start":{"line":8,"column":40},"end":{"line":10,"column":3}}},"1":{"name":"(anonymous_1)","decl":{"start":{"line":11,"column":2},"end":{"line":11,"column":3}},"loc":{"start":{"line":11,"column":46},"end":{"line":13,"column":3}}}},"branchMap":{},"s":{"0":1,"1":1,"2":1,"3":1},"f":{"0":1,"1":1},"b":{}}
,"/Users/johnson/development/coingecko/nft-manager-gh/src/store/settings/index.ts": {"path":"/Users/johnson/development/coingecko/nft-manager-gh/src/store/settings/index.ts","statementMap":{"0":{"start":{"line":1,"column":0},"end":{"line":1,"column":32}},"1":{"start":{"line":2,"column":0},"end":{"line":2,"column":32}},"2":{"start":{"line":3,"column":0},"end":{"line":3,"column":36}},"3":{"start":{"line":4,"column":0},"end":{"line":4,"column":28}},"4":{"start":{"line":6,"column":0},"end":{"line":12,"column":2}}},"fnMap":{},"branchMap":{},"s":{"0":0,"1":0,"2":0,"3":0,"4":0},"f":{},"b":{}}
,"/Users/johnson/development/coingecko/nft-manager-gh/src/store/settings/mutations.ts": {"path":"/Users/johnson/development/coingecko/nft-manager-gh/src/store/settings/mutations.ts","statementMap":{"0":{"start":{"line":2,"column":0},"end":{"line":2,"column":47}},"1":{"start":{"line":8,"column":4},"end":{"line":8,"column":37}},"2":{"start":{"line":12,"column":4},"end":{"line":12,"column":30}},"3":{"start":{"line":15,"column":4},"end":{"line":15,"column":40}},"4":{"start":{"line":19,"column":0},"end":{"line":19,"column":25}}},"fnMap":{"0":{"name":"(anonymous_0)","decl":{"start":{"line":7,"column":2},"end":{"line":7,"column":3}},"loc":{"start":{"line":7,"column":45},"end":{"line":9,"column":3}}},"1":{"name":"(anonymous_1)","decl":{"start":{"line":11,"column":2},"end":{"line":11,"column":3}},"loc":{"start":{"line":11,"column":61},"end":{"line":13,"column":3}}},"2":{"name":"(anonymous_2)","decl":{"start":{"line":14,"column":2},"end":{"line":14,"column":3}},"loc":{"start":{"line":14,"column":72},"end":{"line":16,"column":3}}}},"branchMap":{},"s":{"0":1,"1":1,"2":1,"3":1,"4":1},"f":{"0":1,"1":1,"2":1},"b":{}}
,"/Users/johnson/development/coingecko/nft-manager-gh/src/store/settings/names.ts": {"path":"/Users/johnson/development/coingecko/nft-manager-gh/src/store/settings/names.ts","statementMap":{"0":{"start":{"line":2,"column":13},"end":{"line":4,"column":2}},"1":{"start":{"line":6,"column":13},"end":{"line":9,"column":2}},"2":{"start":{"line":11,"column":13},"end":{"line":15,"column":2}}},"fnMap":{},"branchMap":{},"s":{"0":2,"1":2,"2":2},"f":{},"b":{}}
,"/Users/johnson/development/coingecko/nft-manager-gh/src/store/settings/state.ts": {"path":"/Users/johnson/development/coingecko/nft-manager-gh/src/store/settings/state.ts","statementMap":{"0":{"start":{"line":11,"column":0},"end":{"line":11,"column":21}}},"fnMap":{},"branchMap":{},"s":{"0":0},"f":{},"b":{}}
,"/Users/johnson/development/coingecko/nft-manager-gh/src/store/web3/actions.ts": {"path":"/Users/johnson/development/coingecko/nft-manager-gh/src/store/web3/actions.ts","statementMap":{"0":{"start":{"line":1,"column":0},"end":{"line":1,"column":45}},"1":{"start":{"line":2,"column":0},"end":{"line":2,"column":null}},"2":{"start":{"line":7,"column":0},"end":{"line":7,"column":59}},"3":{"start":{"line":12,"column":42},"end":{"line":12,"column":47}},"4":{"start":{"line":12,"column":49},"end":{"line":12,"column":55}},"5":{"start":{"line":12,"column":59},"end":{"line":12,"column":null}},"6":{"start":{"line":14,"column":4},"end":{"line":14,"column":46}},"7":{"start":{"line":16,"column":4},"end":{"line":16,"column":50}},"8":{"start":{"line":18,"column":4},"end":{"line":18,"column":50}},"9":{"start":{"line":20,"column":4},"end":{"line":20,"column":59}},"10":{"start":{"line":21,"column":10},"end":{"line":21,"column":27}},"11":{"start":{"line":22,"column":8},"end":{"line":22,"column":14}},"12":{"start":{"line":23,"column":6},"end":{"line":23,"column":44}},"13":{"start":{"line":27,"column":8},"end":{"line":30,"column":10}},"14":{"start":{"line":32,"column":8},"end":{"line":32,"column":39}},"15":{"start":{"line":33,"column":24},"end":{"line":33,"column":null}},"16":{"start":{"line":33,"column":14},"end":{"line":33,"column":null}},"17":{"start":{"line":34,"column":8},"end":{"line":34,"column":52}},"18":{"start":{"line":35,"column":8},"end":{"line":35,"column":53}},"19":{"start":{"line":36,"column":8},"end":{"line":36,"column":51}},"20":{"start":{"line":37,"column":8},"end":{"line":37,"column":52}},"21":{"start":{"line":39,"column":8},"end":{"line":39,"column":51}},"22":{"start":{"line":40,"column":8},"end":{"line":40,"column":53}},"23":{"start":{"line":41,"column":8},"end":{"line":41,"column":56}},"24":{"start":{"line":42,"column":8},"end":{"line":42,"column":46}},"25":{"start":{"line":46,"column":8},"end":{"line":46,"column":49}},"26":{"start":{"line":47,"column":8},"end":{"line":47,"column":52}},"27":{"start":{"line":48,"column":8},"end":{"line":48,"column":51}},"28":{"start":{"line":49,"column":8},"end":{"line":49,"column":52}},"29":{"start":{"line":51,"column":8},"end":{"line":51,"column":51}},"30":{"start":{"line":52,"column":8},"end":{"line":52,"column":53}},"31":{"start":{"line":53,"column":8},"end":{"line":53,"column":56}},"32":{"start":{"line":54,"column":8},"end":{"line":54,"column":46}},"33":{"start":{"line":57,"column":6},"end":{"line":57,"column":49}},"34":{"start":{"line":58,"column":6},"end":{"line":58,"column":51}},"35":{"start":{"line":59,"column":6},"end":{"line":59,"column":47}},"36":{"start":{"line":62,"column":38},"end":{"line":62,"column":43}},"37":{"start":{"line":62,"column":45},"end":{"line":62,"column":51}},"38":{"start":{"line":63,"column":28},"end":{"line":63,"column":39}},"39":{"start":{"line":63,"column":28},"end":{"line":63,"column":35}},"40":{"start":{"line":63,"column":40},"end":{"line":63,"column":67}},"41":{"start":{"line":63,"column":39},"end":{"line":63,"column":null}},"42":{"start":{"line":63,"column":10},"end":{"line":63,"column":null}},"43":{"start":{"line":64,"column":4},"end":{"line":64,"column":57}},"44":{"start":{"line":68,"column":0},"end":{"line":68,"column":23}}},"fnMap":{},"branchMap":{"0":{"loc":{"start":{"line":12,"column":59},"end":{"line":12,"column":null}},"type":"if","locations":[{"start":{"line":12,"column":59},"end":{"line":12,"column":null}},{"start":{"line":12,"column":59},"end":{"line":12,"column":null}}]}},"s":{"0":1,"1":1,"2":1,"3":2,"4":2,"5":4,"6":2,"7":2,"8":2,"9":2,"10":2,"11":1,"12":1,"13":1,"14":2,"15":1,"16":1,"17":1,"18":1,"19":1,"20":1,"21":0,"22":0,"23":0,"24":0,"25":0,"26":0,"27":0,"28":0,"29":0,"30":0,"31":0,"32":0,"33":1,"34":1,"35":1,"36":2,"37":2,"38":2,"39":1,"40":1,"41":1,"42":2,"43":2,"44":1},"f":{},"b":{"0":[2,0]}}
,"/Users/johnson/development/coingecko/nft-manager-gh/src/store/web3/getters.ts": {"path":"/Users/johnson/development/coingecko/nft-manager-gh/src/store/web3/getters.ts","statementMap":{"0":{"start":{"line":3,"column":0},"end":{"line":3,"column":41}},"1":{"start":{"line":9,"column":4},"end":{"line":9,"column":25}},"2":{"start":{"line":13,"column":4},"end":{"line":13,"column":29}},"3":{"start":{"line":17,"column":4},"end":{"line":17,"column":25}},"4":{"start":{"line":21,"column":4},"end":{"line":21,"column":24}},"5":{"start":{"line":24,"column":4},"end":{"line":24,"column":25}},"6":{"start":{"line":27,"column":4},"end":{"line":27,"column":29}},"7":{"start":{"line":31,"column":0},"end":{"line":31,"column":23}}},"fnMap":{"0":{"name":"(anonymous_0)","decl":{"start":{"line":8,"column":2},"end":{"line":8,"column":3}},"loc":{"start":{"line":8,"column":36},"end":{"line":10,"column":3}}},"1":{"name":"(anonymous_1)","decl":{"start":{"line":12,"column":2},"end":{"line":12,"column":3}},"loc":{"start":{"line":12,"column":39},"end":{"line":14,"column":3}}},"2":{"name":"(anonymous_2)","decl":{"start":{"line":16,"column":2},"end":{"line":16,"column":3}},"loc":{"start":{"line":16,"column":43},"end":{"line":18,"column":3}}},"3":{"name":"(anonymous_3)","decl":{"start":{"line":20,"column":2},"end":{"line":20,"column":3}},"loc":{"start":{"line":20,"column":35},"end":{"line":22,"column":3}}},"4":{"name":"(anonymous_4)","decl":{"start":{"line":23,"column":2},"end":{"line":23,"column":3}},"loc":{"start":{"line":23,"column":36},"end":{"line":25,"column":3}}},"5":{"name":"(anonymous_5)","decl":{"start":{"line":26,"column":2},"end":{"line":26,"column":3}},"loc":{"start":{"line":26,"column":40},"end":{"line":28,"column":3}}}},"branchMap":{},"s":{"0":1,"1":1,"2":1,"3":1,"4":1,"5":1,"6":0,"7":1},"f":{"0":1,"1":1,"2":1,"3":1,"4":1,"5":0},"b":{}}
,"/Users/johnson/development/coingecko/nft-manager-gh/src/store/web3/index.ts": {"path":"/Users/johnson/development/coingecko/nft-manager-gh/src/store/web3/index.ts","statementMap":{"0":{"start":{"line":1,"column":0},"end":{"line":1,"column":32}},"1":{"start":{"line":2,"column":0},"end":{"line":2,"column":32}},"2":{"start":{"line":3,"column":0},"end":{"line":3,"column":36}},"3":{"start":{"line":4,"column":0},"end":{"line":4,"column":28}},"4":{"start":{"line":6,"column":0},"end":{"line":12,"column":2}}},"fnMap":{},"branchMap":{},"s":{"0":0,"1":0,"2":0,"3":0,"4":0},"f":{},"b":{}}
,"/Users/johnson/development/coingecko/nft-manager-gh/src/store/web3/mutations.ts": {"path":"/Users/johnson/development/coingecko/nft-manager-gh/src/store/web3/mutations.ts","statementMap":{"0":{"start":{"line":1,"column":0},"end":{"line":1,"column":59}},"1":{"start":{"line":3,"column":0},"end":{"line":3,"column":43}},"2":{"start":{"line":9,"column":4},"end":{"line":9,"column":36}},"3":{"start":{"line":13,"column":4},"end":{"line":13,"column":28}},"4":{"start":{"line":17,"column":4},"end":{"line":17,"column":26}},"5":{"start":{"line":21,"column":4},"end":{"line":21,"column":28}},"6":{"start":{"line":24,"column":4},"end":{"line":24,"column":28}},"7":{"start":{"line":25,"column":4},"end":{"line":25,"column":57}},"8":{"start":{"line":29,"column":0},"end":{"line":29,"column":25}}},"fnMap":{"0":{"name":"(anonymous_0)","decl":{"start":{"line":8,"column":2},"end":{"line":8,"column":3}},"loc":{"start":{"line":8,"column":63},"end":{"line":10,"column":3}}},"1":{"name":"(anonymous_1)","decl":{"start":{"line":12,"column":2},"end":{"line":12,"column":3}},"loc":{"start":{"line":12,"column":55},"end":{"line":14,"column":3}}},"2":{"name":"(anonymous_2)","decl":{"start":{"line":16,"column":2},"end":{"line":16,"column":3}},"loc":{"start":{"line":16,"column":76},"end":{"line":18,"column":3}}},"3":{"name":"(anonymous_3)","decl":{"start":{"line":20,"column":2},"end":{"line":20,"column":3}},"loc":{"start":{"line":20,"column":54},"end":{"line":22,"column":3}}},"4":{"name":"(anonymous_4)","decl":{"start":{"line":23,"column":2},"end":{"line":23,"column":3}},"loc":{"start":{"line":23,"column":54},"end":{"line":26,"column":3}}}},"branchMap":{"0":{"loc":{"start":{"line":25,"column":24},"end":{"line":25,"column":50}},"type":"binary-expr","locations":[{"start":{"line":25,"column":24},"end":{"line":25,"column":50}},{"start":{"line":25,"column":54},"end":{"line":25,"column":56}}]}},"s":{"0":2,"1":2,"2":3,"3":5,"4":5,"5":4,"6":4,"7":4,"8":2},"f":{"0":3,"1":5,"2":5,"3":4,"4":4},"b":{"0":[4,3]}}
,"/Users/johnson/development/coingecko/nft-manager-gh/src/store/web3/names.ts": {"path":"/Users/johnson/development/coingecko/nft-manager-gh/src/store/web3/names.ts","statementMap":{"0":{"start":{"line":2,"column":13},"end":{"line":5,"column":2}},"1":{"start":{"line":7,"column":13},"end":{"line":14,"column":2}},"2":{"start":{"line":16,"column":13},"end":{"line":22,"column":2}}},"fnMap":{},"branchMap":{},"s":{"0":3,"1":3,"2":3},"f":{},"b":{}}
,"/Users/johnson/development/coingecko/nft-manager-gh/src/store/web3/state.ts": {"path":"/Users/johnson/development/coingecko/nft-manager-gh/src/store/web3/state.ts","statementMap":{"0":{"start":{"line":19,"column":0},"end":{"line":19,"column":21}}},"fnMap":{},"branchMap":{},"s":{"0":1},"f":{},"b":{}}
,"/Users/johnson/development/coingecko/nft-manager-gh/src/types/identicon.d.ts": {"path":"/Users/johnson/development/coingecko/nft-manager-gh/src/types/identicon.d.ts","statementMap":{},"fnMap":{},"branchMap":{},"s":{},"f":{},"b":{}}
,"/Users/johnson/development/coingecko/nft-manager-gh/src/types/quasar.d.ts": {"path":"/Users/johnson/development/coingecko/nft-manager-gh/src/types/quasar.d.ts","statementMap":{},"fnMap":{},"branchMap":{},"s":{},"f":{},"b":{}}
}
