TN:
SF:/Users/johnson/development/coingecko/nft-manager-gh/src/env.d.ts
FNF:0
FNH:0
LF:0
LH:0
BRF:0
BRH:0
end_of_record
TN:
SF:/Users/johnson/development/coingecko/nft-manager-gh/src/shims-vue.d.ts
FNF:0
FNH:0
LF:0
LH:0
BRF:0
BRH:0
end_of_record
TN:
SF:/Users/johnson/development/coingecko/nft-manager-gh/src/types.d.ts
FNF:0
FNH:0
LF:0
LH:0
BRF:0
BRH:0
end_of_record
TN:
SF:/Users/johnson/development/coingecko/nft-manager-gh/src-pwa/custom-service-worker.js
FNF:0
FNH:0
LF:0
LH:0
BRF:0
BRH:0
end_of_record
TN:
SF:/Users/johnson/development/coingecko/nft-manager-gh/src-pwa/register-service-worker.js
FN:9,(anonymous_0)
FN:12,(anonymous_1)
FN:16,(anonymous_2)
FN:20,(anonymous_3)
FN:24,(anonymous_4)
FN:28,(anonymous_5)
FN:33,(anonymous_6)
FNF:7
FNH:0
FNDA:0,(anonymous_0)
FNDA:0,(anonymous_1)
FNDA:0,(anonymous_2)
FNDA:0,(anonymous_3)
FNDA:0,(anonymous_4)
FNDA:0,(anonymous_5)
FNDA:0,(anonymous_6)
DA:8,0
DA:10,0
DA:14,0
DA:18,0
DA:22,0
DA:26,0
DA:29,0
DA:34,0
LF:8
LH:0
BRF:0
BRH:0
end_of_record
TN:
SF:/Users/johnson/development/coingecko/nft-manager-gh/src/boot/a2hs.ts
FN:7,(anonymous_16)
FNF:1
FNH:0
FNDA:0,(anonymous_16)
DA:2,0
DA:3,0
DA:6,0
DA:7,0
DA:9,0
DA:11,0
DA:12,0
LF:7
LH:0
BRF:0
BRH:0
end_of_record
TN:
SF:/Users/johnson/development/coingecko/nft-manager-gh/src/boot/i18n.ts
FNF:0
FNH:0
DA:1,0
DA:2,0
DA:7,0
DA:8,0
DA:11,0
DA:17,0
DA:20,0
LF:7
LH:0
BRF:0
BRH:0
end_of_record
TN:
SF:/Users/johnson/development/coingecko/nft-manager-gh/src/boot/polyfill.ts
FNF:0
FNH:0
DA:1,0
DA:4,0
DA:6,0
LF:3
LH:0
BRF:0
BRH:0
end_of_record
TN:
SF:/Users/johnson/development/coingecko/nft-manager-gh/src/boot/sync.ts
FNF:0
FNH:0
DA:2,0
DA:3,0
DA:9,0
DA:10,0
LF:4
LH:0
BRF:0
BRH:0
end_of_record
TN:
SF:/Users/johnson/development/coingecko/nft-manager-gh/src/boot/web3.ts
FN:16,(anonymous_16)
FN:17,(anonymous_17)
FN:21,(anonymous_18)
FNF:3
FNH:0
FNDA:0,(anonymous_16)
FNDA:0,(anonymous_17)
FNDA:0,(anonymous_18)
DA:1,0
DA:3,0
DA:7,0
DA:10,0
DA:11,0
DA:14,0
DA:15,0
DA:21,0
DA:22,0
DA:23,0
DA:24,0
DA:27,0
DA:28,0
DA:31,0
DA:34,0
DA:37,0
DA:45,0
LF:17
LH:0
BRDA:18,0,0,0
BRDA:18,0,1,0
BRDA:25,1,0,0
BRDA:25,1,1,0
BRDA:29,2,0,0
BRDA:29,2,1,0
BRF:6
BRH:0
end_of_record
TN:
SF:/Users/johnson/development/coingecko/nft-manager-gh/src/components/Index/Auth.vue
FN:59,(anonymous_15)
FN:64,data
FN:100,rowClick
FN:105,mounted
FNF:4
FNH:0
FNDA:0,(anonymous_15)
FNDA:0,data
FNDA:0,rowClick
FNDA:0,mounted
DA:51,0
DA:52,0
DA:53,0
DA:54,0
DA:56,0
DA:59,0
DA:65,0
DA:101,0
DA:106,0
DA:107,0
DA:108,0
LF:11
LH:0
BRF:0
BRH:0
end_of_record
TN:
SF:/Users/johnson/development/coingecko/nft-manager-gh/src/components/Index/NotAuth.vue
FNF:0
FNH:0
DA:10,0
LF:1
LH:0
BRF:0
BRH:0
end_of_record
TN:
SF:/Users/johnson/development/coingecko/nft-manager-gh/src/components/Landing/Landing.vue
FN:40,data
FNF:1
FNH:0
FNDA:0,data
DA:32,0
DA:33,0
DA:41,0
LF:3
LH:0
BRF:0
BRH:0
end_of_record
TN:
SF:/Users/johnson/development/coingecko/nft-manager-gh/src/components/NFT/NFTImage.vue
FNF:0
FNH:0
DA:6,0
LF:1
LH:0
BRF:0
BRH:0
end_of_record
TN:
SF:/Users/johnson/development/coingecko/nft-manager-gh/src/components/NFT/NFTList.vue
FN:46,(anonymous_10)
FN:57,(anonymous_14)
FN:37,nftIds
FNF:3
FNH:0
FNDA:0,(anonymous_10)
FNDA:0,(anonymous_14)
FNDA:0,nftIds
DA:26,0
DA:27,0
DA:28,0
DA:29,0
DA:38,0
DA:46,0
DA:47,0
DA:48,0
DA:52,0
DA:53,0
DA:54,0
DA:56,0
DA:57,0
DA:58,0
DA:61,0
LF:15
LH:0
BRF:0
BRH:0
end_of_record
TN:
SF:/Users/johnson/development/coingecko/nft-manager-gh/src/components/Shared/AvailableNFT.vue
FN:57,(anonymous_22)
FN:44,AvailableNFT
FN:65,(anonymous_24)
FN:48,contractsData
FNF:4
FNH:0
FNDA:0,(anonymous_22)
FNDA:0,AvailableNFT
FNDA:0,(anonymous_24)
FNDA:0,contractsData
DA:39,0
DA:40,0
DA:41,0
DA:42,0
DA:44,0
DA:48,0
DA:57,0
DA:58,0
DA:62,0
DA:63,0
DA:65,0
DA:66,0
DA:67,0
DA:68,0
DA:70,0
LF:15
LH:0
BRDA:44,0,0,0
BRDA:44,0,1,0
BRDA:44,0,2,0
BRF:3
BRH:0
end_of_record
TN:
SF:/Users/johnson/development/coingecko/nft-manager-gh/src/components/Shared/CurrentAddress.vue
FN:51,(anonymous_22)
FN:31,CurrentAddress
FN:61,(anonymous_24)
FNF:3
FNH:0
FNDA:0,(anonymous_22)
FNDA:0,CurrentAddress
FNDA:0,(anonymous_24)
DA:26,0
DA:27,0
DA:28,0
DA:29,0
DA:31,0
DA:51,0
DA:52,0
DA:53,0
DA:61,0
DA:62,0
DA:63,0
DA:64,0
DA:65,0
DA:67,0
DA:69,0
DA:71,0
DA:72,0
DA:74,0
LF:18
LH:0
BRDA:31,0,0,0
BRDA:31,0,1,0
BRDA:31,0,2,0
BRF:3
BRH:0
end_of_record
TN:
SF:/Users/johnson/development/coingecko/nft-manager-gh/src/contracts/contract/index.ts
FN:40,(anonymous_13)
FN:51,(anonymous_17)
FN:52,(anonymous_18)
FN:61,(anonymous_22)
FNF:4
FNH:1
FNDA:2,(anonymous_13)
FNDA:0,(anonymous_17)
FNDA:0,(anonymous_18)
FNDA:0,(anonymous_22)
DA:1,2
DA:11,2
DA:12,2
DA:22,2
DA:40,2
DA:41,2
DA:42,2
DA:43,2
DA:49,2
DA:50,0
DA:51,0
DA:52,0
DA:54,0
DA:57,2
DA:61,0
LF:15
LH:10
BRDA:40,0,0,2
BRDA:40,0,1,2
BRF:2
BRH:2
end_of_record
TN:
SF:/Users/johnson/development/coingecko/nft-manager-gh/src/contracts/contract/ethereum/coingecko/contract.ts
FN:7,(anonymous_0)
FN:16,(anonymous_1)
FN:24,(anonymous_2)
FNF:3
FNH:1
FNDA:0,(anonymous_0)
FNDA:1,(anonymous_1)
FNDA:0,(anonymous_2)
DA:7,1
DA:8,0
DA:16,1
DA:17,1
DA:24,1
LF:5
LH:4
BRF:0
BRH:0
end_of_record
TN:
SF:/Users/johnson/development/coingecko/nft-manager-gh/src/contracts/contract/ethereum/cryptokitties/contract.ts
FN:7,(anonymous_0)
FN:16,(anonymous_1)
FN:22,(anonymous_2)
FNF:3
FNH:0
FNDA:0,(anonymous_0)
FNDA:0,(anonymous_1)
FNDA:0,(anonymous_2)
DA:7,0
DA:8,0
DA:16,0
DA:22,0
LF:4
LH:0
BRF:0
BRH:0
end_of_record
TN:
SF:/Users/johnson/development/coingecko/nft-manager-gh/src/contracts/contract/ethereum/gods-unchained/contract.ts
FN:7,(anonymous_0)
FN:16,(anonymous_1)
FN:28,(anonymous_2)
FNF:3
FNH:0
FNDA:0,(anonymous_0)
FNDA:0,(anonymous_1)
FNDA:0,(anonymous_2)
DA:7,0
DA:8,0
DA:16,0
DA:18,0
DA:20,0
DA:28,0
LF:6
LH:0
BRDA:16,0,0,0
BRDA:16,0,1,0
BRF:2
BRH:0
end_of_record
TN:
SF:/Users/johnson/development/coingecko/nft-manager-gh/src/contracts/contract/ethereum/marble-nft/contract.ts
FN:7,(anonymous_0)
FN:16,(anonymous_1)
FN:28,(anonymous_2)
FNF:3
FNH:0
FNDA:0,(anonymous_0)
FNDA:0,(anonymous_1)
FNDA:0,(anonymous_2)
DA:7,0
DA:8,0
DA:16,0
DA:18,0
DA:20,0
DA:28,0
LF:6
LH:0
BRDA:16,0,0,0
BRDA:16,0,1,0
BRDA:17,1,0,0
BRDA:17,1,1,0
BRF:4
BRH:0
end_of_record
TN:
SF:/Users/johnson/development/coingecko/nft-manager-gh/src/contracts/contract/ethereum/my-crypto-heroes-extension/contract.ts
FN:7,(anonymous_0)
FN:16,(anonymous_1)
FN:25,(anonymous_2)
FNF:3
FNH:1
FNDA:0,(anonymous_0)
FNDA:1,(anonymous_1)
FNDA:0,(anonymous_2)
DA:7,1
DA:8,0
DA:16,1
DA:17,1
DA:18,1
DA:25,1
LF:6
LH:5
BRF:0
BRH:0
end_of_record
TN:
SF:/Users/johnson/development/coingecko/nft-manager-gh/src/contracts/contract/ethereum/my-crypto-heroes-hero/contract.ts
FN:7,(anonymous_0)
FN:16,(anonymous_1)
FN:25,(anonymous_2)
FNF:3
FNH:0
FNDA:0,(anonymous_0)
FNDA:0,(anonymous_1)
FNDA:0,(anonymous_2)
DA:7,0
DA:8,0
DA:16,0
DA:17,0
DA:18,0
DA:25,0
LF:6
LH:0
BRF:0
BRH:0
end_of_record
TN:
SF:/Users/johnson/development/coingecko/nft-manager-gh/src/contracts/contract/ethereum/su-squares/contract.ts
FN:7,(anonymous_0)
FN:16,(anonymous_1)
FN:17,(anonymous_2)
FN:32,(anonymous_3)
FNF:4
FNH:0
FNDA:0,(anonymous_0)
FNDA:0,(anonymous_1)
FNDA:0,(anonymous_2)
FNDA:0,(anonymous_3)
DA:7,0
DA:8,0
DA:16,0
DA:17,0
DA:18,0
DA:20,0
DA:22,0
DA:24,0
DA:25,0
DA:32,0
LF:10
LH:0
BRDA:19,0,0,0
BRDA:19,0,1,0
BRF:2
BRH:0
end_of_record
TN:
SF:/Users/johnson/development/coingecko/nft-manager-gh/src/contracts/contract/tomochain_testnet/coingecko/contract.ts
FN:7,(anonymous_0)
FN:16,(anonymous_1)
FN:24,(anonymous_2)
FNF:3
FNH:0
FNDA:0,(anonymous_0)
FNDA:0,(anonymous_1)
FNDA:0,(anonymous_2)
DA:7,0
DA:8,0
DA:16,0
DA:17,0
DA:24,0
LF:5
LH:0
BRF:0
BRH:0
end_of_record
TN:
SF:/Users/johnson/development/coingecko/nft-manager-gh/src/helper/notifications.ts
FN:9,successNotification
FN:22,errorNotification
FN:35,infoNotification
FNF:3
FNH:0
FNDA:0,successNotification
FNDA:0,errorNotification
FNDA:0,infoNotification
DA:1,0
DA:2,0
DA:9,0
DA:10,0
DA:22,0
DA:23,0
DA:35,0
DA:36,0
LF:8
LH:0
BRDA:9,0,0,0
BRDA:9,0,1,0
BRDA:12,1,0,0
BRDA:12,1,1,0
BRDA:22,2,0,0
BRDA:22,2,1,0
BRDA:25,3,0,0
BRDA:25,3,1,0
BRDA:35,4,0,0
BRDA:35,4,1,0
BRDA:38,5,0,0
BRDA:38,5,1,0
BRF:12
BRH:0
end_of_record
TN:
SF:/Users/johnson/development/coingecko/nft-manager-gh/src/helper/utils.ts
FN:9,nameFactory
FN:11,(anonymous_2)
FN:17,loadScript
FN:19,(anonymous_4)
FN:20,(anonymous_5)
FN:27,(anonymous_6)
FN:38,loadScripts
FN:41,(anonymous_8)
FN:43,(anonymous_9)
FN:51,range
FN:60,(anonymous_11)
FN:61,(anonymous_12)
FN:69,generateImageHolder
FNF:13
FNH:2
FNDA:1,nameFactory
FNDA:2,(anonymous_2)
FNDA:0,loadScript
FNDA:0,(anonymous_4)
FNDA:0,(anonymous_5)
FNDA:0,(anonymous_6)
FNDA:0,loadScripts
FNDA:0,(anonymous_8)
FNDA:0,(anonymous_9)
FNDA:0,range
FNDA:0,(anonymous_11)
FNDA:0,(anonymous_12)
FNDA:0,generateImageHolder
DA:1,1
DA:9,1
DA:10,1
DA:11,1
DA:12,2
DA:14,1
DA:17,1
DA:19,0
DA:20,0
DA:22,0
DA:23,0
DA:24,0
DA:25,0
DA:26,0
DA:27,0
DA:28,0
DA:30,0
DA:38,1
DA:40,0
DA:41,0
DA:42,0
DA:44,0
DA:48,0
DA:51,1
DA:53,0
DA:56,0
DA:57,0
DA:59,0
DA:60,0
DA:61,0
DA:69,1
DA:70,0
DA:71,0
LF:33
LH:10
BRDA:19,0,0,0
BRDA:19,0,1,0
BRDA:20,1,0,0
BRDA:20,1,1,0
BRDA:51,2,0,0
BRDA:51,2,1,0
BRDA:51,3,0,0
BRDA:51,3,1,0
BRDA:51,4,0,0
BRDA:51,4,1,0
BRDA:52,5,0,0
BRDA:52,5,1,0
BRDA:60,6,0,0
BRDA:60,6,1,0
BRDA:69,7,0,0
BRDA:69,7,1,0
BRF:16
BRH:0
end_of_record
TN:
SF:/Users/johnson/development/coingecko/nft-manager-gh/src/helper/class/Web3class.ts
FN:2,(anonymous_0)
FN:3,(anonymous_1)
FN:4,fulfilled
FN:5,rejected
FN:6,step
FN:6,(anonymous_5)
FN:10,(anonymous_6)
FN:11,(anonymous_7)
FN:12,(anonymous_8)
FN:13,verb
FN:13,(anonymous_10)
FN:14,step
FN:37,(anonymous_12)
FN:42,(anonymous_13)
FN:43,Web3Class
FN:52,(anonymous_15)
FN:60,(anonymous_16)
FN:67,(anonymous_17)
FN:69,(anonymous_18)
FN:71,(anonymous_19)
FN:92,(anonymous_20)
FN:95,(anonymous_21)
FN:103,(anonymous_22)
FN:106,(anonymous_23)
FN:109,(anonymous_24)
FNF:25
FNH:3
FNDA:0,(anonymous_0)
FNDA:0,(anonymous_1)
FNDA:0,fulfilled
FNDA:0,rejected
FNDA:0,step
FNDA:0,(anonymous_5)
FNDA:0,(anonymous_6)
FNDA:0,(anonymous_7)
FNDA:0,(anonymous_8)
FNDA:0,verb
FNDA:0,(anonymous_10)
FNDA:0,step
FNDA:1,(anonymous_12)
FNDA:1,(anonymous_13)
FNDA:1,Web3Class
FNDA:0,(anonymous_15)
FNDA:0,(anonymous_16)
FNDA:0,(anonymous_17)
FNDA:0,(anonymous_18)
FNDA:0,(anonymous_19)
FNDA:0,(anonymous_20)
FNDA:0,(anonymous_21)
FNDA:0,(anonymous_22)
FNDA:0,(anonymous_23)
FNDA:0,(anonymous_24)
DA:2,1
DA:3,0
DA:4,0
DA:5,0
DA:6,0
DA:7,0
DA:10,1
DA:11,0
DA:12,0
DA:13,0
DA:15,0
DA:16,0
DA:17,0
DA:18,0
DA:19,0
DA:20,0
DA:21,0
DA:22,0
DA:23,0
DA:25,0
DA:26,0
DA:27,0
DA:28,0
DA:29,0
DA:30,0
DA:32,0
DA:33,0
DA:34,0
DA:37,1
DA:38,1
DA:40,1
DA:41,1
DA:42,1
DA:44,1
DA:45,1
DA:52,1
DA:53,0
DA:60,1
DA:61,0
DA:67,1
DA:68,0
DA:69,0
DA:71,0
DA:72,0
DA:73,0
DA:75,0
DA:76,0
DA:78,0
DA:79,0
DA:83,0
DA:92,1
DA:93,0
DA:95,0
DA:103,1
DA:104,0
DA:106,1
DA:107,0
DA:109,1
DA:110,0
DA:112,1
DA:114,1
LF:61
LH:18
BRDA:2,0,0,1
BRDA:2,0,1,1
BRDA:2,0,2,1
BRDA:3,1,0,0
BRDA:3,1,1,0
BRDA:6,2,0,0
BRDA:6,2,1,0
BRDA:7,3,0,0
BRDA:7,3,1,0
BRDA:10,4,0,1
BRDA:10,4,1,1
BRDA:10,4,2,1
BRDA:11,5,0,0
BRDA:11,5,1,0
BRDA:12,6,0,0
BRDA:12,6,1,0
BRDA:15,7,0,0
BRDA:15,7,1,0
BRDA:17,8,0,0
BRDA:17,8,1,0
BRDA:17,9,0,0
BRDA:17,9,1,0
BRDA:17,9,2,0
BRDA:17,10,0,0
BRDA:17,10,1,0
BRDA:17,11,0,0
BRDA:17,11,1,0
BRDA:17,12,0,0
BRDA:17,12,1,0
BRDA:17,13,0,0
BRDA:17,13,1,0
BRDA:18,14,0,0
BRDA:18,14,1,0
BRDA:19,15,0,0
BRDA:19,15,1,0
BRDA:19,15,2,0
BRDA:19,15,3,0
BRDA:19,15,4,0
BRDA:19,15,5,0
BRDA:25,16,0,0
BRDA:25,16,1,0
BRDA:25,17,0,0
BRDA:25,17,1,0
BRDA:25,17,2,0
BRDA:25,18,0,0
BRDA:25,18,1,0
BRDA:26,19,0,0
BRDA:26,19,1,0
BRDA:26,20,0,0
BRDA:26,20,1,0
BRDA:26,20,2,0
BRDA:26,20,3,0
BRDA:27,21,0,0
BRDA:27,21,1,0
BRDA:27,22,0,0
BRDA:27,22,1,0
BRDA:28,23,0,0
BRDA:28,23,1,0
BRDA:28,24,0,0
BRDA:28,24,1,0
BRDA:29,25,0,0
BRDA:29,25,1,0
BRDA:34,26,0,0
BRDA:34,26,1,0
BRDA:34,27,0,0
BRDA:34,27,1,0
BRDA:37,28,0,1
BRDA:37,28,1,1
BRDA:37,28,2,1
BRDA:38,29,0,0
BRDA:38,29,1,1
BRDA:38,30,0,1
BRDA:38,30,1,1
BRDA:72,31,0,0
BRDA:72,31,1,0
BRDA:72,31,2,0
BRF:76
BRH:12
end_of_record
TN:
SF:/Users/johnson/development/coingecko/nft-manager-gh/src/i18n/index.ts
FNF:0
FNH:0
DA:1,0
DA:3,0
DA:5,0
LF:3
LH:0
BRF:0
BRH:0
end_of_record
TN:
SF:/Users/johnson/development/coingecko/nft-manager-gh/src/layouts/MainLayout.vue
FN:70,get
FN:71,(anonymous_2)
FN:74,set
FN:79,setHomeTab
FNF:4
FNH:0
FNDA:0,get
FNDA:0,(anonymous_2)
FNDA:0,set
FNDA:0,setHomeTab
DA:63,0
DA:64,0
DA:71,0
DA:72,0
DA:80,0
LF:5
LH:0
BRDA:72,0,0,0
BRDA:72,0,1,0
BRF:2
BRH:0
end_of_record
TN:
SF:/Users/johnson/development/coingecko/nft-manager-gh/src/mixins/W3iMixin.ts
FN:10,W3iMixin
FN:49,(anonymous_24)
FNF:2
FNH:0
FNDA:0,W3iMixin
FNDA:0,(anonymous_24)
DA:3,0
DA:4,0
DA:5,0
DA:6,0
DA:7,0
DA:8,0
DA:10,0
DA:32,0
DA:34,0
DA:35,0
DA:49,0
DA:50,0
DA:52,0
DA:54,0
DA:56,0
DA:57,0
DA:58,0
DA:60,0
DA:64,0
DA:66,0
DA:74,0
DA:75,0
DA:76,0
DA:77,0
DA:78,0
DA:80,0
DA:83,0
DA:89,0
DA:90,0
DA:92,0
DA:96,0
DA:103,0
LF:32
LH:0
BRDA:10,0,0,0
BRDA:10,0,1,0
BRDA:10,0,2,0
BRDA:93,1,0,0
BRDA:93,1,1,0
BRF:5
BRH:0
end_of_record
TN:
SF:/Users/johnson/development/coingecko/nft-manager-gh/src/pages/Index.vue
FN:21,(anonymous_15)
FN:26,(anonymous_17)
FN:37,created
FNF:3
FNH:0
FNDA:0,(anonymous_15)
FNDA:0,(anonymous_17)
FNDA:0,created
DA:13,0
DA:14,0
DA:15,0
DA:16,0
DA:18,0
DA:21,0
DA:23,0
DA:26,0
DA:38,0
DA:39,0
LF:10
LH:0
BRF:0
BRH:0
end_of_record
TN:
SF:/Users/johnson/development/coingecko/nft-manager-gh/src/pages/NFT.vue
FN:96,(anonymous_22)
FN:73,NFTComponent
FN:108,(anonymous_24)
FN:143,(anonymous_27)
FNF:4
FNH:0
FNDA:0,(anonymous_22)
FNDA:0,NFTComponent
FNDA:0,(anonymous_24)
FNDA:0,(anonymous_27)
DA:63,0
DA:64,0
DA:65,0
DA:66,0
DA:67,0
DA:68,0
DA:69,0
DA:70,0
DA:71,0
DA:73,0
DA:96,0
DA:98,0
DA:99,0
DA:100,0
DA:101,0
DA:108,0
DA:109,0
DA:110,0
DA:111,0
DA:112,0
DA:114,0
DA:115,0
DA:116,0
DA:117,0
DA:118,0
DA:119,0
DA:123,0
DA:125,0
DA:126,0
DA:127,0
DA:131,0
DA:134,0
DA:138,0
DA:139,0
DA:141,0
DA:143,0
DA:146,0
DA:147,0
DA:149,0
LF:39
LH:0
BRDA:73,0,0,0
BRDA:73,0,1,0
BRDA:73,0,2,0
BRDA:112,1,0,0
BRDA:112,1,1,0
BRDA:114,2,0,0
BRDA:114,2,1,0
BRDA:117,3,0,0
BRDA:117,3,1,0
BRDA:125,4,0,0
BRDA:125,4,1,0
BRF:11
BRH:0
end_of_record
TN:
SF:/Users/johnson/development/coingecko/nft-manager-gh/src/pages/Settings.vue
FN:35,addToHomeScreen
FN:37,(anonymous_4)
FN:42,destroyed
FN:43,(anonymous_6)
FNF:4
FNH:0
FNDA:0,addToHomeScreen
FNDA:0,(anonymous_4)
FNDA:0,destroyed
FNDA:0,(anonymous_6)
DA:24,0
DA:25,0
DA:26,0
DA:36,0
DA:37,0
DA:38,0
DA:43,0
LF:7
LH:0
BRF:0
BRH:0
end_of_record
TN:
SF:/Users/johnson/development/coingecko/nft-manager-gh/src/pages/ShowAllNFT.vue
FN:16,(anonymous_1)
FN:17,(anonymous_2)
FN:21,data
FNF:3
FNH:0
FNDA:0,(anonymous_1)
FNDA:0,(anonymous_2)
FNDA:0,data
DA:13,0
DA:14,0
DA:16,0
DA:17,0
DA:22,0
LF:5
LH:0
BRF:0
BRH:0
end_of_record
TN:
SF:/Users/johnson/development/coingecko/nft-manager-gh/src/pages/ShowNetworkNFT.vue
FN:21,(anonymous_20)
FN:22,(anonymous_21)
FN:28,(anonymous_22)
FN:29,(anonymous_24)
FNF:4
FNH:0
FNDA:0,(anonymous_20)
FNDA:0,(anonymous_21)
FNDA:0,(anonymous_22)
FNDA:0,(anonymous_24)
DA:17,0
DA:18,0
DA:19,0
DA:21,0
DA:22,0
DA:28,0
DA:29,0
DA:30,0
DA:31,0
DA:33,0
LF:10
LH:0
BRF:0
BRH:0
end_of_record
TN:
SF:/Users/johnson/development/coingecko/nft-manager-gh/src/router/index.ts
FN:13,default_1
FNF:1
FNH:0
FNDA:0,default_1
DA:1,0
DA:2,0
DA:4,0
DA:6,0
DA:13,0
DA:14,0
DA:24,0
LF:7
LH:0
BRF:0
BRH:0
end_of_record
TN:
SF:/Users/johnson/development/coingecko/nft-manager-gh/src/router/routes.ts
FN:4,(anonymous_1)
FN:4,(anonymous_2)
FN:6,(anonymous_3)
FN:6,(anonymous_4)
FN:7,(anonymous_5)
FN:7,(anonymous_6)
FN:10,(anonymous_7)
FN:10,(anonymous_8)
FN:12,(anonymous_9)
FN:12,(anonymous_10)
FN:13,(anonymous_11)
FN:13,(anonymous_12)
FN:24,(anonymous_13)
FN:24,(anonymous_14)
FNF:14
FNH:0
FNDA:0,(anonymous_1)
FNDA:0,(anonymous_2)
FNDA:0,(anonymous_3)
FNDA:0,(anonymous_4)
FNDA:0,(anonymous_5)
FNDA:0,(anonymous_6)
FNDA:0,(anonymous_7)
FNDA:0,(anonymous_8)
FNDA:0,(anonymous_9)
FNDA:0,(anonymous_10)
FNDA:0,(anonymous_11)
FNDA:0,(anonymous_12)
FNDA:0,(anonymous_13)
FNDA:0,(anonymous_14)
DA:4,0
DA:6,0
DA:7,0
DA:10,0
DA:12,0
DA:13,0
DA:20,0
DA:24,0
DA:30,0
LF:9
LH:0
BRF:0
BRH:0
end_of_record
TN:
SF:/Users/johnson/development/coingecko/nft-manager-gh/src/store/index.ts
FNF:0
FNH:0
DA:1,0
DA:2,0
DA:3,0
DA:4,0
DA:5,0
DA:6,0
DA:11,0
DA:12,0
DA:17,0
DA:18,0
DA:27,0
DA:37,0
DA:39,0
DA:45,0
DA:51,0
LF:15
LH:0
BRDA:35,0,0,0
BRDA:35,0,1,0
BRF:2
BRH:0
end_of_record
TN:
SF:/Users/johnson/development/coingecko/nft-manager-gh/src/store/contract/actions.ts
FN:47,(anonymous_19)
FNF:1
FNH:0
FNDA:0,(anonymous_19)
DA:1,0
DA:2,0
DA:8,0
DA:9,0
DA:12,0
DA:17,0
DA:19,0
DA:20,0
DA:22,0
DA:24,0
DA:28,0
DA:32,0
DA:35,0
DA:37,0
DA:39,0
DA:44,0
DA:47,0
DA:48,0
DA:49,0
DA:50,0
DA:55,0
DA:57,0
DA:64,0
DA:65,0
DA:66,0
DA:67,0
DA:76,0
DA:79,0
DA:81,0
DA:82,0
DA:90,0
DA:91,0
DA:93,0
DA:98,0
DA:105,0
DA:106,0
DA:107,0
DA:108,0
DA:109,0
DA:112,0
DA:113,0
DA:114,0
DA:123,0
DA:126,0
DA:127,0
DA:128,0
DA:129,0
DA:131,0
DA:132,0
DA:134,0
DA:135,0
DA:136,0
DA:138,0
DA:139,0
DA:142,0
DA:143,0
DA:145,0
DA:146,0
DA:147,0
DA:149,0
DA:150,0
DA:152,0
DA:153,0
DA:154,0
DA:156,0
DA:157,0
DA:158,0
DA:159,0
DA:161,0
DA:163,0
DA:167,0
LF:71
LH:0
BRDA:32,0,0,0
BRDA:32,0,1,0
BRDA:80,1,0,0
BRDA:80,1,1,0
BRDA:80,1,2,0
BRDA:94,2,0,0
BRDA:94,2,1,0
BRDA:145,3,0,0
BRDA:145,3,1,0
BRF:9
BRH:0
end_of_record
TN:
SF:/Users/johnson/development/coingecko/nft-manager-gh/src/store/contract/getters.ts
FN:7,(anonymous_0)
FN:11,(anonymous_1)
FN:15,(anonymous_2)
FN:16,(anonymous_3)
FN:17,(anonymous_4)
FN:20,(anonymous_5)
FN:21,(anonymous_6)
FN:23,(anonymous_7)
FN:26,(anonymous_8)
FN:27,(anonymous_9)
FN:29,(anonymous_10)
FNF:11
FNH:10
FNDA:1,(anonymous_0)
FNDA:1,(anonymous_1)
FNDA:1,(anonymous_2)
FNDA:1,(anonymous_3)
FNDA:2,(anonymous_4)
FNDA:1,(anonymous_5)
FNDA:1,(anonymous_6)
FNDA:2,(anonymous_7)
FNDA:1,(anonymous_8)
FNDA:1,(anonymous_9)
FNDA:0,(anonymous_10)
DA:2,1
DA:8,1
DA:12,1
DA:16,1
DA:17,2
DA:21,1
DA:22,1
DA:23,2
DA:27,1
DA:30,0
DA:34,1
LF:11
LH:10
BRF:0
BRH:0
end_of_record
TN:
SF:/Users/johnson/development/coingecko/nft-manager-gh/src/store/contract/index.ts
FNF:0
FNH:0
DA:1,0
DA:2,0
DA:3,0
DA:4,0
DA:6,0
LF:5
LH:0
BRF:0
BRH:0
end_of_record
TN:
SF:/Users/johnson/development/coingecko/nft-manager-gh/src/store/contract/mutations.ts
FN:9,(anonymous_3)
FN:13,(anonymous_4)
FN:17,(anonymous_5)
FN:21,(anonymous_6)
FN:30,(anonymous_7)
FN:45,(anonymous_8)
FN:66,(anonymous_9)
FN:83,(anonymous_10)
FN:96,(anonymous_11)
FN:101,(anonymous_12)
FN:119,(anonymous_13)
FNF:11
FNH:11
FNDA:1,(anonymous_3)
FNDA:1,(anonymous_4)
FNDA:1,(anonymous_5)
FNDA:1,(anonymous_6)
FNDA:2,(anonymous_7)
FNDA:1,(anonymous_8)
FNDA:1,(anonymous_9)
FNDA:5,(anonymous_10)
FNDA:3,(anonymous_11)
FNDA:6,(anonymous_12)
FNDA:1,(anonymous_13)
DA:2,1
DA:4,1
DA:10,1
DA:14,1
DA:18,1
DA:24,1
DA:25,1
DA:26,1
DA:29,1
DA:30,1
DA:31,2
DA:48,1
DA:49,1
DA:50,1
DA:53,1
DA:68,1
DA:77,1
DA:85,5
DA:87,5
DA:98,3
DA:100,3
DA:101,6
DA:102,3
DA:103,3
DA:107,3
DA:110,3
DA:120,1
DA:124,1
LF:28
LH:28
BRDA:102,0,0,0
BRDA:102,0,1,3
BRDA:105,1,0,0
BRDA:105,1,1,3
BRDA:108,2,0,0
BRDA:108,2,1,3
BRF:6
BRH:3
end_of_record
TN:
SF:/Users/johnson/development/coingecko/nft-manager-gh/src/store/contract/names.ts
FNF:0
FNH:0
DA:2,2
DA:12,2
DA:21,2
LF:3
LH:3
BRF:0
BRH:0
end_of_record
TN:
SF:/Users/johnson/development/coingecko/nft-manager-gh/src/store/contract/state.ts
FNF:0
FNH:0
DA:34,0
LF:1
LH:0
BRF:0
BRH:0
end_of_record
TN:
SF:/Users/johnson/development/coingecko/nft-manager-gh/src/store/settings/actions.ts
FNF:0
FNH:0
DA:3,0
DA:5,0
LF:2
LH:0
BRF:0
BRH:0
end_of_record
TN:
SF:/Users/johnson/development/coingecko/nft-manager-gh/src/store/settings/getters.ts
FN:8,(anonymous_0)
FN:11,(anonymous_1)
FNF:2
FNH:2
FNDA:1,(anonymous_0)
FNDA:1,(anonymous_1)
DA:3,1
DA:9,1
DA:12,1
DA:16,1
LF:4
LH:4
BRF:0
BRH:0
end_of_record
TN:
SF:/Users/johnson/development/coingecko/nft-manager-gh/src/store/settings/index.ts
FNF:0
FNH:0
DA:1,0
DA:2,0
DA:3,0
DA:4,0
DA:6,0
LF:5
LH:0
BRF:0
BRH:0
end_of_record
TN:
SF:/Users/johnson/development/coingecko/nft-manager-gh/src/store/settings/mutations.ts
FN:7,(anonymous_0)
FN:11,(anonymous_1)
FN:14,(anonymous_2)
FNF:3
FNH:3
FNDA:1,(anonymous_0)
FNDA:1,(anonymous_1)
FNDA:1,(anonymous_2)
DA:2,1
DA:8,1
DA:12,1
DA:15,1
DA:19,1
LF:5
LH:5
BRF:0
BRH:0
end_of_record
TN:
SF:/Users/johnson/development/coingecko/nft-manager-gh/src/store/settings/names.ts
FNF:0
FNH:0
DA:2,2
DA:4,2
DA:9,2
LF:3
LH:3
BRF:0
BRH:0
end_of_record
TN:
SF:/Users/johnson/development/coingecko/nft-manager-gh/src/store/settings/state.ts
FNF:0
FNH:0
DA:11,0
LF:1
LH:0
BRF:0
BRH:0
end_of_record
TN:
SF:/Users/johnson/development/coingecko/nft-manager-gh/src/store/web3/actions.ts
FNF:0
FNH:0
DA:1,1
DA:2,1
DA:7,1
DA:12,4
DA:14,2
DA:16,2
DA:18,2
DA:20,2
DA:21,1
DA:25,1
DA:30,2
DA:31,1
DA:32,1
DA:33,1
DA:34,1
DA:35,1
DA:36,1
DA:38,0
DA:39,0
DA:40,0
DA:43,0
DA:44,0
DA:45,0
DA:46,0
DA:48,1
DA:49,1
DA:50,1
DA:53,2
DA:54,2
DA:55,2
DA:59,1
LF:31
LH:24
BRDA:12,0,0,2
BRDA:12,0,1,0
BRF:2
BRH:1
end_of_record
TN:
SF:/Users/johnson/development/coingecko/nft-manager-gh/src/store/web3/getters.ts
FN:8,(anonymous_0)
FN:12,(anonymous_1)
FN:16,(anonymous_2)
FN:20,(anonymous_3)
FN:23,(anonymous_4)
FN:26,(anonymous_5)
FNF:6
FNH:5
FNDA:1,(anonymous_0)
FNDA:1,(anonymous_1)
FNDA:1,(anonymous_2)
FNDA:1,(anonymous_3)
FNDA:1,(anonymous_4)
FNDA:0,(anonymous_5)
DA:3,1
DA:9,1
DA:13,1
DA:17,1
DA:21,1
DA:24,1
DA:27,0
DA:31,1
LF:8
LH:7
BRF:0
BRH:0
end_of_record
TN:
SF:/Users/johnson/development/coingecko/nft-manager-gh/src/store/web3/index.ts
FNF:0
FNH:0
DA:1,0
DA:2,0
DA:3,0
DA:4,0
DA:6,0
LF:5
LH:0
BRF:0
BRH:0
end_of_record
TN:
SF:/Users/johnson/development/coingecko/nft-manager-gh/src/store/web3/mutations.ts
FN:8,(anonymous_0)
FN:12,(anonymous_1)
FN:16,(anonymous_2)
FN:20,(anonymous_3)
FN:23,(anonymous_4)
FNF:5
FNH:5
FNDA:3,(anonymous_0)
FNDA:5,(anonymous_1)
FNDA:5,(anonymous_2)
FNDA:4,(anonymous_3)
FNDA:4,(anonymous_4)
DA:1,2
DA:3,2
DA:9,3
DA:13,5
DA:17,5
DA:21,4
DA:24,4
DA:25,4
DA:29,2
LF:9
LH:9
BRDA:25,0,0,4
BRDA:25,0,1,3
BRF:2
BRH:2
end_of_record
TN:
SF:/Users/johnson/development/coingecko/nft-manager-gh/src/store/web3/names.ts
FNF:0
FNH:0
DA:2,3
DA:7,3
DA:16,3
LF:3
LH:3
BRF:0
BRH:0
end_of_record
TN:
SF:/Users/johnson/development/coingecko/nft-manager-gh/src/store/web3/state.ts
FNF:0
FNH:0
DA:19,1
LF:1
LH:1
BRF:0
BRH:0
end_of_record
TN:
SF:/Users/johnson/development/coingecko/nft-manager-gh/src/types/identicon.d.ts
FNF:0
FNH:0
LF:0
LH:0
BRF:0
BRH:0
end_of_record
TN:
SF:/Users/johnson/development/coingecko/nft-manager-gh/src/types/quasar.d.ts
FNF:0
FNH:0
LF:0
LH:0
BRF:0
BRH:0
end_of_record
