TN:
SF:/Users/johnson/development/coingecko/nft-manager-gh/src/env.d.ts
FNF:0
FNH:0
LF:0
LH:0
BRF:0
BRH:0
end_of_record
TN:
SF:/Users/johnson/development/coingecko/nft-manager-gh/src/shims-vue.d.ts
FNF:0
FNH:0
LF:0
LH:0
BRF:0
BRH:0
end_of_record
TN:
SF:/Users/johnson/development/coingecko/nft-manager-gh/src/types.d.ts
FNF:0
FNH:0
LF:0
LH:0
BRF:0
BRH:0
end_of_record
TN:
SF:/Users/johnson/development/coingecko/nft-manager-gh/src-pwa/custom-service-worker.js
FNF:0
FNH:0
LF:0
LH:0
BRF:0
BRH:0
end_of_record
TN:
SF:/Users/johnson/development/coingecko/nft-manager-gh/src-pwa/register-service-worker.js
FN:9,(anonymous_0)
FN:12,(anonymous_1)
FN:16,(anonymous_2)
FN:20,(anonymous_3)
FN:24,(anonymous_4)
FN:28,(anonymous_5)
FN:33,(anonymous_6)
FNF:7
FNH:0
FNDA:0,(anonymous_0)
FNDA:0,(anonymous_1)
FNDA:0,(anonymous_2)
FNDA:0,(anonymous_3)
FNDA:0,(anonymous_4)
FNDA:0,(anonymous_5)
FNDA:0,(anonymous_6)
DA:8,0
DA:10,0
DA:14,0
DA:18,0
DA:22,0
DA:26,0
DA:29,0
DA:34,0
LF:8
LH:0
BRF:0
BRH:0
end_of_record
TN:
SF:/Users/johnson/development/coingecko/nft-manager-gh/src/boot/a2hs.ts
FN:7,(anonymous_16)
FNF:1
FNH:0
FNDA:0,(anonymous_16)
DA:2,0
DA:3,0
DA:6,0
DA:7,0
DA:9,0
DA:11,0
DA:12,0
LF:7
LH:0
BRF:0
BRH:0
end_of_record
TN:
SF:/Users/johnson/development/coingecko/nft-manager-gh/src/boot/i18n.ts
FNF:0
FNH:0
DA:1,0
DA:2,0
DA:7,0
DA:8,0
DA:11,0
DA:17,0
DA:20,0
LF:7
LH:0
BRF:0
BRH:0
end_of_record
TN:
SF:/Users/johnson/development/coingecko/nft-manager-gh/src/boot/pleaseWait.ts
FN:9,(anonymous_15)
FNF:1
FNH:0
FNDA:0,(anonymous_15)
DA:1,0
DA:2,0
DA:4,0
DA:7,0
DA:9,0
DA:11,0
LF:6
LH:0
BRF:0
BRH:0
end_of_record
TN:
SF:/Users/johnson/development/coingecko/nft-manager-gh/src/boot/polyfill.ts
FNF:0
FNH:0
DA:1,0
DA:4,0
DA:6,0
LF:3
LH:0
BRF:0
BRH:0
end_of_record
TN:
SF:/Users/johnson/development/coingecko/nft-manager-gh/src/boot/storage.ts
FNF:0
FNH:0
DA:2,0
DA:3,0
DA:4,0
DA:5,0
DA:6,0
DA:8,0
DA:12,0
DA:13,0
DA:14,0
DA:15,0
LF:10
LH:0
BRF:0
BRH:0
end_of_record
TN:
SF:/Users/johnson/development/coingecko/nft-manager-gh/src/boot/sync.ts
FNF:0
FNH:0
DA:1,0
DA:5,0
DA:6,0
LF:3
LH:0
BRF:0
BRH:0
end_of_record
TN:
SF:/Users/johnson/development/coingecko/nft-manager-gh/src/boot/web3.ts
FNF:0
FNH:0
DA:1,0
DA:7,0
DA:10,0
DA:11,0
DA:45,0
LF:5
LH:0
BRF:0
BRH:0
end_of_record
TN:
SF:/Users/johnson/development/coingecko/nft-manager-gh/src/components/Index/Auth.vue
FN:68,(anonymous_22)
FN:92,(anonymous_24)
FN:71,AuthComponent
FN:121,(anonymous_26)
FN:125,(anonymous_27)
FNF:5
FNH:0
FNDA:0,(anonymous_22)
FNDA:0,(anonymous_24)
FNDA:0,AuthComponent
FNDA:0,(anonymous_26)
FNDA:0,(anonymous_27)
DA:59,0
DA:60,0
DA:61,0
DA:62,0
DA:63,0
DA:65,0
DA:68,0
DA:71,0
DA:92,0
DA:94,0
DA:112,0
DA:119,0
DA:121,0
DA:122,0
DA:125,0
DA:126,0
DA:127,0
DA:128,0
DA:130,0
LF:19
LH:0
BRDA:71,0,0,0
BRDA:71,0,1,0
BRDA:71,0,2,0
BRF:3
BRH:0
end_of_record
TN:
SF:/Users/johnson/development/coingecko/nft-manager-gh/src/components/Index/NotAuth.vue
FN:48,(anonymous_10)
FNF:1
FNH:0
FNDA:0,(anonymous_10)
DA:34,0
DA:35,0
DA:36,0
DA:37,0
DA:48,0
LF:5
LH:0
BRF:0
BRH:0
end_of_record
TN:
SF:/Users/johnson/development/coingecko/nft-manager-gh/src/components/NFT/NFTImage.vue
FN:30,(anonymous_8)
FN:27,NFTImageComponent
FN:36,(anonymous_10)
FN:40,(anonymous_11)
FNF:4
FNH:0
FNDA:0,(anonymous_8)
FNDA:0,NFTImageComponent
FNDA:0,(anonymous_10)
FNDA:0,(anonymous_11)
DA:25,0
DA:27,0
DA:30,0
DA:31,0
DA:32,0
DA:34,0
DA:36,0
DA:37,0
DA:40,0
DA:41,0
DA:43,0
LF:11
LH:0
BRDA:27,0,0,0
BRDA:27,0,1,0
BRDA:27,0,2,0
BRF:3
BRH:0
end_of_record
TN:
SF:/Users/johnson/development/coingecko/nft-manager-gh/src/components/NFT/NFTList.vue
FN:55,(anonymous_10)
FN:67,(anonymous_14)
FN:46,nftIds
FNF:3
FNH:0
FNDA:0,(anonymous_10)
FNDA:0,(anonymous_14)
FNDA:0,nftIds
DA:30,0
DA:31,0
DA:32,0
DA:33,0
DA:34,0
DA:47,0
DA:55,0
DA:56,0
DA:57,0
DA:61,0
DA:62,0
DA:63,0
DA:66,0
DA:67,0
DA:68,0
DA:71,0
LF:16
LH:0
BRF:0
BRH:0
end_of_record
TN:
SF:/Users/johnson/development/coingecko/nft-manager-gh/src/components/Shared/AvailableNFT.vue
FN:64,(anonymous_22)
FN:48,AvailableNFTComponent
FN:73,(anonymous_25)
FN:79,(anonymous_26)
FN:55,contractsData
FNF:5
FNH:0
FNDA:0,(anonymous_22)
FNDA:0,AvailableNFTComponent
FNDA:0,(anonymous_25)
FNDA:0,(anonymous_26)
FNDA:0,contractsData
DA:42,0
DA:43,0
DA:44,0
DA:45,0
DA:46,0
DA:48,0
DA:55,0
DA:64,0
DA:65,0
DA:69,0
DA:70,0
DA:72,0
DA:73,0
DA:75,0
DA:79,0
DA:80,0
DA:81,0
DA:82,0
DA:84,0
LF:19
LH:0
BRDA:48,0,0,0
BRDA:48,0,1,0
BRDA:48,0,2,0
BRF:3
BRH:0
end_of_record
TN:
SF:/Users/johnson/development/coingecko/nft-manager-gh/src/components/Shared/CurrentAddress.vue
FN:58,(anonymous_22)
FN:69,(anonymous_24)
FNF:2
FNH:0
FNDA:0,(anonymous_22)
FNDA:0,(anonymous_24)
DA:27,0
DA:28,0
DA:29,0
DA:30,0
DA:31,0
DA:58,0
DA:59,0
DA:60,0
DA:69,0
DA:70,0
DA:71,0
DA:72,0
DA:73,0
DA:75,0
DA:80,0
DA:83,0
DA:84,0
DA:86,0
LF:18
LH:0
BRF:0
BRH:0
end_of_record
TN:
SF:/Users/johnson/development/coingecko/nft-manager-gh/src/contracts/contract/index.ts
FN:40,(anonymous_13)
FN:51,(anonymous_17)
FN:52,(anonymous_18)
FN:61,(anonymous_22)
FNF:4
FNH:1
FNDA:2,(anonymous_13)
FNDA:0,(anonymous_17)
FNDA:0,(anonymous_18)
FNDA:0,(anonymous_22)
DA:1,2
DA:11,2
DA:12,2
DA:22,2
DA:40,2
DA:41,2
DA:42,2
DA:43,2
DA:49,2
DA:50,0
DA:51,0
DA:52,0
DA:54,0
DA:57,2
DA:61,0
LF:15
LH:10
BRDA:40,0,0,2
BRDA:40,0,1,2
BRF:2
BRH:2
end_of_record
TN:
SF:/Users/johnson/development/coingecko/nft-manager-gh/src/contracts/contract/ethereum/coingecko/contract.ts
FN:7,(anonymous_0)
FN:16,(anonymous_1)
FN:24,(anonymous_2)
FNF:3
FNH:1
FNDA:0,(anonymous_0)
FNDA:1,(anonymous_1)
FNDA:0,(anonymous_2)
DA:7,1
DA:8,0
DA:16,1
DA:17,1
DA:24,1
LF:5
LH:4
BRF:0
BRH:0
end_of_record
TN:
SF:/Users/johnson/development/coingecko/nft-manager-gh/src/contracts/contract/ethereum/cryptokitties/contract.ts
FN:7,(anonymous_0)
FN:16,(anonymous_1)
FN:22,(anonymous_2)
FNF:3
FNH:0
FNDA:0,(anonymous_0)
FNDA:0,(anonymous_1)
FNDA:0,(anonymous_2)
DA:7,0
DA:8,0
DA:16,0
DA:22,0
LF:4
LH:0
BRF:0
BRH:0
end_of_record
TN:
SF:/Users/johnson/development/coingecko/nft-manager-gh/src/contracts/contract/ethereum/gods-unchained/contract.ts
FN:7,(anonymous_0)
FN:16,(anonymous_1)
FN:28,(anonymous_2)
FNF:3
FNH:0
FNDA:0,(anonymous_0)
FNDA:0,(anonymous_1)
FNDA:0,(anonymous_2)
DA:7,0
DA:8,0
DA:16,0
DA:18,0
DA:20,0
DA:28,0
LF:6
LH:0
BRDA:16,0,0,0
BRDA:16,0,1,0
BRF:2
BRH:0
end_of_record
TN:
SF:/Users/johnson/development/coingecko/nft-manager-gh/src/contracts/contract/ethereum/marble-nft/contract.ts
FN:7,(anonymous_0)
FN:16,(anonymous_1)
FN:28,(anonymous_2)
FNF:3
FNH:0
FNDA:0,(anonymous_0)
FNDA:0,(anonymous_1)
FNDA:0,(anonymous_2)
DA:7,0
DA:8,0
DA:16,0
DA:18,0
DA:20,0
DA:28,0
LF:6
LH:0
BRDA:16,0,0,0
BRDA:16,0,1,0
BRDA:17,1,0,0
BRDA:17,1,1,0
BRF:4
BRH:0
end_of_record
TN:
SF:/Users/johnson/development/coingecko/nft-manager-gh/src/contracts/contract/ethereum/my-crypto-heroes-extension/contract.ts
FN:7,(anonymous_0)
FN:16,(anonymous_1)
FN:25,(anonymous_2)
FNF:3
FNH:1
FNDA:0,(anonymous_0)
FNDA:1,(anonymous_1)
FNDA:0,(anonymous_2)
DA:7,1
DA:8,0
DA:16,1
DA:17,1
DA:18,1
DA:25,1
LF:6
LH:5
BRF:0
BRH:0
end_of_record
TN:
SF:/Users/johnson/development/coingecko/nft-manager-gh/src/contracts/contract/ethereum/my-crypto-heroes-hero/contract.ts
FN:7,(anonymous_0)
FN:16,(anonymous_1)
FN:25,(anonymous_2)
FNF:3
FNH:0
FNDA:0,(anonymous_0)
FNDA:0,(anonymous_1)
FNDA:0,(anonymous_2)
DA:7,0
DA:8,0
DA:16,0
DA:17,0
DA:18,0
DA:25,0
LF:6
LH:0
BRF:0
BRH:0
end_of_record
TN:
SF:/Users/johnson/development/coingecko/nft-manager-gh/src/contracts/contract/ethereum/su-squares/contract.ts
FN:7,(anonymous_0)
FN:16,(anonymous_1)
FN:17,(anonymous_2)
FN:32,(anonymous_3)
FNF:4
FNH:0
FNDA:0,(anonymous_0)
FNDA:0,(anonymous_1)
FNDA:0,(anonymous_2)
FNDA:0,(anonymous_3)
DA:7,0
DA:8,0
DA:16,0
DA:17,0
DA:18,0
DA:20,0
DA:22,0
DA:24,0
DA:25,0
DA:32,0
LF:10
LH:0
BRDA:19,0,0,0
BRDA:19,0,1,0
BRF:2
BRH:0
end_of_record
TN:
SF:/Users/johnson/development/coingecko/nft-manager-gh/src/contracts/contract/tomochain_testnet/coingecko/contract.ts
FN:7,(anonymous_0)
FN:16,(anonymous_1)
FN:24,(anonymous_2)
FNF:3
FNH:0
FNDA:0,(anonymous_0)
FNDA:0,(anonymous_1)
FNDA:0,(anonymous_2)
DA:7,0
DA:8,0
DA:16,0
DA:17,0
DA:24,0
LF:5
LH:0
BRF:0
BRH:0
end_of_record
TN:
SF:/Users/johnson/development/coingecko/nft-manager-gh/src/directives/darkModeClass.ts
FN:4,splitClasses
FN:9,(anonymous_2)
FN:18,(anonymous_3)
FN:19,(anonymous_4)
FN:32,(anonymous_5)
FNF:5
FNH:0
FNDA:0,splitClasses
FNDA:0,(anonymous_2)
FNDA:0,(anonymous_3)
FNDA:0,(anonymous_4)
FNDA:0,(anonymous_5)
DA:1,0
DA:2,0
DA:5,0
DA:8,0
DA:11,0
DA:12,0
DA:14,0
DA:15,0
DA:17,0
DA:18,0
DA:21,0
DA:22,0
DA:24,0
DA:25,0
DA:30,0
DA:33,0
LF:16
LH:0
BRDA:33,0,0,0
BRDA:33,0,1,0
BRF:2
BRH:0
end_of_record
TN:
SF:/Users/johnson/development/coingecko/nft-manager-gh/src/helper/notifications.ts
FN:9,successNotification
FN:28,errorNotification
FN:47,infoNotification
FNF:3
FNH:0
FNDA:0,successNotification
FNDA:0,errorNotification
FNDA:0,infoNotification
DA:1,0
DA:2,0
DA:9,0
DA:10,0
DA:28,0
DA:29,0
DA:47,0
DA:48,0
LF:8
LH:0
BRDA:9,0,0,0
BRDA:9,0,1,0
BRDA:12,1,0,0
BRDA:12,1,1,0
BRDA:28,2,0,0
BRDA:28,2,1,0
BRDA:31,3,0,0
BRDA:31,3,1,0
BRDA:47,4,0,0
BRDA:47,4,1,0
BRDA:50,5,0,0
BRDA:50,5,1,0
BRF:12
BRH:0
end_of_record
TN:
SF:/Users/johnson/development/coingecko/nft-manager-gh/src/helper/utils.ts
FN:9,nameFactory
FN:11,(anonymous_2)
FN:17,loadScript
FN:19,(anonymous_4)
FN:20,(anonymous_5)
FN:27,(anonymous_6)
FN:38,loadScripts
FN:41,(anonymous_8)
FN:43,(anonymous_9)
FN:51,range
FN:60,(anonymous_11)
FN:61,(anonymous_12)
FN:69,generateImageHolder
FNF:13
FNH:2
FNDA:1,nameFactory
FNDA:2,(anonymous_2)
FNDA:0,loadScript
FNDA:0,(anonymous_4)
FNDA:0,(anonymous_5)
FNDA:0,(anonymous_6)
FNDA:0,loadScripts
FNDA:0,(anonymous_8)
FNDA:0,(anonymous_9)
FNDA:0,range
FNDA:0,(anonymous_11)
FNDA:0,(anonymous_12)
FNDA:0,generateImageHolder
DA:1,1
DA:9,1
DA:10,1
DA:11,1
DA:12,2
DA:14,1
DA:17,1
DA:19,0
DA:20,0
DA:22,0
DA:23,0
DA:24,0
DA:25,0
DA:26,0
DA:27,0
DA:28,0
DA:30,0
DA:38,1
DA:40,0
DA:41,0
DA:42,0
DA:44,0
DA:48,0
DA:51,1
DA:53,0
DA:56,0
DA:57,0
DA:59,0
DA:60,0
DA:61,0
DA:69,1
DA:70,0
DA:71,0
LF:33
LH:10
BRDA:19,0,0,0
BRDA:19,0,1,0
BRDA:20,1,0,0
BRDA:20,1,1,0
BRDA:51,2,0,0
BRDA:51,2,1,0
BRDA:51,3,0,0
BRDA:51,3,1,0
BRDA:51,4,0,0
BRDA:51,4,1,0
BRDA:52,5,0,0
BRDA:52,5,1,0
BRDA:60,6,0,0
BRDA:60,6,1,0
BRDA:69,7,0,0
BRDA:69,7,1,0
BRF:16
BRH:0
end_of_record
TN:
SF:/Users/johnson/development/coingecko/nft-manager-gh/src/helper/class/Web3Class.ts
FN:4,(anonymous_13)
FN:15,(anonymous_15)
FN:35,(anonymous_16)
FN:36,(anonymous_17)
FN:37,(anonymous_18)
FN:77,(anonymous_22)
FN:78,(anonymous_23)
FN:81,(anonymous_24)
FN:94,(anonymous_25)
FN:107,(anonymous_26)
FN:109,(anonymous_27)
FN:114,(anonymous_28)
FN:130,(anonymous_29)
FN:131,(anonymous_30)
FN:133,(anonymous_31)
FN:147,(anonymous_32)
FN:148,(anonymous_33)
FN:150,(anonymous_34)
FN:157,(anonymous_35)
FNF:19
FNH:1
FNDA:2,(anonymous_13)
FNDA:0,(anonymous_15)
FNDA:0,(anonymous_16)
FNDA:0,(anonymous_17)
FNDA:0,(anonymous_18)
FNDA:0,(anonymous_22)
FNDA:0,(anonymous_23)
FNDA:0,(anonymous_24)
FNDA:0,(anonymous_25)
FNDA:0,(anonymous_26)
FNDA:0,(anonymous_27)
FNDA:0,(anonymous_28)
FNDA:0,(anonymous_29)
FNDA:0,(anonymous_30)
FNDA:0,(anonymous_31)
FNDA:0,(anonymous_32)
FNDA:0,(anonymous_33)
FNDA:0,(anonymous_34)
FNDA:0,(anonymous_35)
DA:1,1
DA:4,1
DA:5,1
DA:6,1
DA:7,1
DA:8,1
DA:15,1
DA:17,0
DA:18,0
DA:19,0
DA:23,0
DA:25,0
DA:35,1
DA:36,0
DA:37,0
DA:40,0
DA:42,0
DA:52,1
DA:53,0
DA:54,0
DA:55,0
DA:61,0
DA:62,0
DA:64,0
DA:65,0
DA:68,0
DA:73,0
DA:77,1
DA:78,0
DA:81,0
DA:83,0
DA:85,0
DA:88,0
DA:91,0
DA:95,0
DA:107,1
DA:109,0
DA:111,0
DA:116,0
DA:118,0
DA:122,0
DA:130,1
DA:131,0
DA:133,0
DA:135,0
DA:137,0
DA:140,0
DA:147,1
DA:148,0
DA:150,0
DA:152,0
DA:154,0
DA:157,0
DA:159,0
DA:161,0
DA:167,1
LF:56
LH:14
BRF:0
BRH:0
end_of_record
TN:
SF:/Users/johnson/development/coingecko/nft-manager-gh/src/i18n/index.ts
FNF:0
FNH:0
DA:1,0
DA:3,0
DA:5,0
LF:3
LH:0
BRF:0
BRH:0
end_of_record
TN:
SF:/Users/johnson/development/coingecko/nft-manager-gh/src/layouts/MainLayout.vue
FN:71,(anonymous_8)
FN:65,MainLayout
FN:75,(anonymous_11)
FN:81,(anonymous_13)
FNF:4
FNH:0
FNDA:0,(anonymous_8)
FNDA:0,MainLayout
FNDA:0,(anonymous_11)
FNDA:0,(anonymous_13)
DA:61,0
DA:62,0
DA:63,0
DA:65,0
DA:71,0
DA:72,0
DA:74,0
DA:75,0
DA:76,0
DA:81,0
DA:82,0
DA:84,0
LF:12
LH:0
BRDA:65,0,0,0
BRDA:65,0,1,0
BRDA:65,0,2,0
BRDA:76,1,0,0
BRDA:76,1,1,0
BRF:5
BRH:0
end_of_record
TN:
SF:/Users/johnson/development/coingecko/nft-manager-gh/src/mixins/W3iMixin.ts
FN:12,W3iMixin
FN:51,(anonymous_23)
FN:55,(anonymous_27)
FNF:3
FNH:0
FNDA:0,W3iMixin
FNDA:0,(anonymous_23)
FNDA:0,(anonymous_27)
DA:3,0
DA:4,0
DA:5,0
DA:6,0
DA:7,0
DA:8,0
DA:10,0
DA:12,0
DA:34,0
DA:36,0
DA:37,0
DA:51,0
DA:52,0
DA:54,0
DA:55,0
DA:57,0
DA:58,0
DA:60,0
DA:61,0
DA:63,0
DA:67,0
DA:68,0
DA:72,0
DA:74,0
DA:78,0
DA:85,0
DA:86,0
DA:87,0
DA:88,0
DA:89,0
DA:91,0
DA:94,0
DA:100,0
DA:101,0
DA:103,0
DA:107,0
DA:114,0
LF:37
LH:0
BRDA:12,0,0,0
BRDA:12,0,1,0
BRDA:12,0,2,0
BRDA:64,1,0,0
BRDA:64,1,1,0
BRDA:104,2,0,0
BRDA:104,2,1,0
BRF:7
BRH:0
end_of_record
TN:
SF:/Users/johnson/development/coingecko/nft-manager-gh/src/pages/Error404.vue
FN:19,(anonymous_8)
FNF:1
FNH:0
FNDA:0,(anonymous_8)
DA:14,0
DA:19,0
LF:2
LH:0
BRF:0
BRH:0
end_of_record
TN:
SF:/Users/johnson/development/coingecko/nft-manager-gh/src/pages/Index.vue
FN:21,(anonymous_22)
FN:26,(anonymous_24)
FN:37,(anonymous_26)
FN:38,(anonymous_28)
FNF:4
FNH:0
FNDA:0,(anonymous_22)
FNDA:0,(anonymous_24)
FNDA:0,(anonymous_26)
FNDA:0,(anonymous_28)
DA:13,0
DA:14,0
DA:15,0
DA:16,0
DA:18,0
DA:21,0
DA:23,0
DA:26,0
DA:37,0
DA:38,0
DA:39,0
DA:40,0
DA:42,0
LF:13
LH:0
BRF:0
BRH:0
end_of_record
TN:
SF:/Users/johnson/development/coingecko/nft-manager-gh/src/pages/NFT.vue
FN:107,(anonymous_22)
FN:81,NFTPage
FN:119,(anonymous_24)
FN:154,(anonymous_27)
FNF:4
FNH:0
FNDA:0,(anonymous_22)
FNDA:0,NFTPage
FNDA:0,(anonymous_24)
FNDA:0,(anonymous_27)
DA:70,0
DA:71,0
DA:72,0
DA:73,0
DA:74,0
DA:75,0
DA:76,0
DA:77,0
DA:78,0
DA:79,0
DA:81,0
DA:107,0
DA:109,0
DA:110,0
DA:111,0
DA:112,0
DA:119,0
DA:120,0
DA:121,0
DA:122,0
DA:123,0
DA:125,0
DA:126,0
DA:127,0
DA:128,0
DA:129,0
DA:130,0
DA:134,0
DA:136,0
DA:137,0
DA:138,0
DA:142,0
DA:145,0
DA:149,0
DA:150,0
DA:152,0
DA:154,0
DA:157,0
DA:158,0
DA:160,0
LF:40
LH:0
BRDA:81,0,0,0
BRDA:81,0,1,0
BRDA:81,0,2,0
BRDA:123,1,0,0
BRDA:123,1,1,0
BRDA:125,2,0,0
BRDA:125,2,1,0
BRDA:128,3,0,0
BRDA:128,3,1,0
BRDA:136,4,0,0
BRDA:136,4,1,0
BRF:11
BRH:0
end_of_record
TN:
SF:/Users/johnson/development/coingecko/nft-manager-gh/src/pages/Settings.vue
FN:46,(anonymous_10)
FN:55,(anonymous_14)
FN:57,(anonymous_15)
FNF:3
FNH:0
FNDA:0,(anonymous_10)
FNDA:0,(anonymous_14)
FNDA:0,(anonymous_15)
DA:30,0
DA:31,0
DA:32,0
DA:33,0
DA:46,0
DA:47,0
DA:48,0
DA:52,0
DA:55,0
DA:56,0
DA:57,0
DA:58,0
DA:61,0
LF:13
LH:0
BRF:0
BRH:0
end_of_record
TN:
SF:/Users/johnson/development/coingecko/nft-manager-gh/src/pages/ShowAllNFT.vue
FN:16,(anonymous_8)
FN:17,(anonymous_9)
FN:23,(anonymous_10)
FN:20,ShowAllNFTPage
FNF:4
FNH:0
FNDA:0,(anonymous_8)
FNDA:0,(anonymous_9)
FNDA:0,(anonymous_10)
FNDA:0,ShowAllNFTPage
DA:13,0
DA:14,0
DA:16,0
DA:17,0
DA:20,0
DA:23,0
DA:24,0
DA:25,0
LF:8
LH:0
BRDA:20,0,0,0
BRDA:20,0,1,0
BRDA:20,0,2,0
BRF:3
BRH:0
end_of_record
TN:
SF:/Users/johnson/development/coingecko/nft-manager-gh/src/pages/ShowNetworkNFT.vue
FN:20,(anonymous_20)
FN:21,(anonymous_21)
FN:27,(anonymous_22)
FN:28,(anonymous_24)
FNF:4
FNH:0
FNDA:0,(anonymous_20)
FNDA:0,(anonymous_21)
FNDA:0,(anonymous_22)
FNDA:0,(anonymous_24)
DA:17,0
DA:18,0
DA:20,0
DA:21,0
DA:27,0
DA:28,0
DA:29,0
DA:30,0
DA:32,0
LF:9
LH:0
BRF:0
BRH:0
end_of_record
TN:
SF:/Users/johnson/development/coingecko/nft-manager-gh/src/router/index.ts
FN:13,default_1
FNF:1
FNH:0
FNDA:0,default_1
DA:1,0
DA:2,0
DA:4,0
DA:6,0
DA:13,0
DA:14,0
DA:24,0
LF:7
LH:0
BRF:0
BRH:0
end_of_record
TN:
SF:/Users/johnson/development/coingecko/nft-manager-gh/src/router/routes.ts
FN:4,(anonymous_1)
FN:4,(anonymous_2)
FN:6,(anonymous_3)
FN:6,(anonymous_4)
FN:7,(anonymous_5)
FN:7,(anonymous_6)
FN:10,(anonymous_7)
FN:10,(anonymous_8)
FN:12,(anonymous_9)
FN:12,(anonymous_10)
FN:13,(anonymous_11)
FN:13,(anonymous_12)
FN:24,(anonymous_13)
FN:24,(anonymous_14)
FNF:14
FNH:0
FNDA:0,(anonymous_1)
FNDA:0,(anonymous_2)
FNDA:0,(anonymous_3)
FNDA:0,(anonymous_4)
FNDA:0,(anonymous_5)
FNDA:0,(anonymous_6)
FNDA:0,(anonymous_7)
FNDA:0,(anonymous_8)
FNDA:0,(anonymous_9)
FNDA:0,(anonymous_10)
FNDA:0,(anonymous_11)
FNDA:0,(anonymous_12)
FNDA:0,(anonymous_13)
FNDA:0,(anonymous_14)
DA:4,0
DA:6,0
DA:7,0
DA:10,0
DA:12,0
DA:13,0
DA:20,0
DA:24,0
DA:30,0
LF:9
LH:0
BRF:0
BRH:0
end_of_record
TN:
SF:/Users/johnson/development/coingecko/nft-manager-gh/src/store/index.ts
FNF:0
FNH:0
DA:1,0
DA:2,0
DA:3,0
DA:4,0
DA:5,0
DA:6,0
DA:11,0
DA:12,0
DA:17,0
DA:18,0
DA:27,0
DA:37,0
DA:39,0
DA:45,0
DA:51,0
LF:15
LH:0
BRDA:35,0,0,0
BRDA:35,0,1,0
BRF:2
BRH:0
end_of_record
TN:
SF:/Users/johnson/development/coingecko/nft-manager-gh/src/store/store.ts
FN:1,(anonymous_0)
FNF:1
FNH:0
FNDA:0,(anonymous_0)
DA:1,0
DA:2,0
LF:2
LH:0
BRDA:1,0,0,0
BRDA:1,0,1,0
BRF:2
BRH:0
end_of_record
TN:
SF:/Users/johnson/development/coingecko/nft-manager-gh/src/store/contract/actions.ts
FN:47,(anonymous_19)
FNF:1
FNH:0
FNDA:0,(anonymous_19)
DA:1,0
DA:2,0
DA:8,0
DA:9,0
DA:12,0
DA:17,0
DA:19,0
DA:20,0
DA:22,0
DA:24,0
DA:28,0
DA:32,0
DA:35,0
DA:37,0
DA:39,0
DA:44,0
DA:47,0
DA:48,0
DA:50,0
DA:51,0
DA:56,0
DA:58,0
DA:65,0
DA:66,0
DA:67,0
DA:68,0
DA:79,0
DA:82,0
DA:84,0
DA:85,0
DA:93,0
DA:94,0
DA:96,0
DA:101,0
DA:108,0
DA:109,0
DA:110,0
DA:111,0
DA:113,0
DA:116,0
DA:117,0
DA:118,0
DA:128,0
DA:131,0
DA:132,0
DA:133,0
DA:134,0
DA:136,0
DA:137,0
DA:139,0
DA:140,0
DA:141,0
DA:143,0
DA:144,0
DA:147,0
DA:148,0
DA:150,0
DA:151,0
DA:152,0
DA:154,0
DA:155,0
DA:157,0
DA:158,0
DA:159,0
DA:161,0
DA:162,0
DA:163,0
DA:164,0
DA:166,0
DA:168,0
DA:172,0
LF:71
LH:0
BRDA:32,0,0,0
BRDA:32,0,1,0
BRDA:83,1,0,0
BRDA:83,1,1,0
BRDA:83,1,2,0
BRDA:97,2,0,0
BRDA:97,2,1,0
BRDA:150,3,0,0
BRDA:150,3,1,0
BRF:9
BRH:0
end_of_record
TN:
SF:/Users/johnson/development/coingecko/nft-manager-gh/src/store/contract/getters.ts
FN:7,(anonymous_0)
FN:11,(anonymous_1)
FN:15,(anonymous_2)
FN:16,(anonymous_3)
FN:17,(anonymous_4)
FN:20,(anonymous_5)
FN:21,(anonymous_6)
FN:23,(anonymous_7)
FN:26,(anonymous_8)
FN:27,(anonymous_9)
FN:29,(anonymous_10)
FNF:11
FNH:10
FNDA:1,(anonymous_0)
FNDA:1,(anonymous_1)
FNDA:1,(anonymous_2)
FNDA:1,(anonymous_3)
FNDA:2,(anonymous_4)
FNDA:1,(anonymous_5)
FNDA:1,(anonymous_6)
FNDA:2,(anonymous_7)
FNDA:1,(anonymous_8)
FNDA:1,(anonymous_9)
FNDA:0,(anonymous_10)
DA:2,1
DA:8,1
DA:12,1
DA:16,1
DA:17,2
DA:21,1
DA:22,1
DA:23,2
DA:27,1
DA:30,0
DA:34,1
LF:11
LH:10
BRF:0
BRH:0
end_of_record
TN:
SF:/Users/johnson/development/coingecko/nft-manager-gh/src/store/contract/index.ts
FNF:0
FNH:0
DA:1,0
DA:2,0
DA:3,0
DA:4,0
DA:6,0
LF:5
LH:0
BRF:0
BRH:0
end_of_record
TN:
SF:/Users/johnson/development/coingecko/nft-manager-gh/src/store/contract/mutations.ts
FN:9,(anonymous_3)
FN:13,(anonymous_4)
FN:17,(anonymous_5)
FN:21,(anonymous_6)
FN:30,(anonymous_7)
FN:46,(anonymous_8)
FN:68,(anonymous_9)
FN:85,(anonymous_10)
FN:98,(anonymous_11)
FN:103,(anonymous_12)
FN:121,(anonymous_13)
FNF:11
FNH:11
FNDA:1,(anonymous_3)
FNDA:1,(anonymous_4)
FNDA:1,(anonymous_5)
FNDA:1,(anonymous_6)
FNDA:2,(anonymous_7)
FNDA:1,(anonymous_8)
FNDA:1,(anonymous_9)
FNDA:5,(anonymous_10)
FNDA:3,(anonymous_11)
FNDA:6,(anonymous_12)
FNDA:1,(anonymous_13)
DA:2,1
DA:4,1
DA:10,1
DA:14,1
DA:18,1
DA:24,1
DA:25,1
DA:26,1
DA:29,1
DA:30,1
DA:31,2
DA:49,1
DA:50,1
DA:51,1
DA:54,1
DA:70,1
DA:79,1
DA:87,5
DA:89,5
DA:100,3
DA:102,3
DA:103,6
DA:104,3
DA:105,3
DA:109,3
DA:112,3
DA:122,1
DA:126,1
LF:28
LH:28
BRDA:104,0,0,0
BRDA:104,0,1,3
BRDA:107,1,0,0
BRDA:107,1,1,3
BRDA:110,2,0,0
BRDA:110,2,1,3
BRF:6
BRH:3
end_of_record
TN:
SF:/Users/johnson/development/coingecko/nft-manager-gh/src/store/contract/names.ts
FNF:0
FNH:0
DA:2,2
DA:12,2
DA:21,2
LF:3
LH:3
BRF:0
BRH:0
end_of_record
TN:
SF:/Users/johnson/development/coingecko/nft-manager-gh/src/store/contract/state.ts
FNF:0
FNH:0
DA:35,0
LF:1
LH:0
BRF:0
BRH:0
end_of_record
TN:
SF:/Users/johnson/development/coingecko/nft-manager-gh/src/store/settings/actions.ts
FNF:0
FNH:0
DA:1,0
DA:3,0
DA:4,0
DA:10,0
DA:11,0
DA:12,0
DA:16,0
LF:7
LH:0
BRF:0
BRH:0
end_of_record
TN:
SF:/Users/johnson/development/coingecko/nft-manager-gh/src/store/settings/getters.ts
FN:8,(anonymous_0)
FN:11,(anonymous_1)
FNF:2
FNH:2
FNDA:1,(anonymous_0)
FNDA:1,(anonymous_1)
DA:3,1
DA:9,1
DA:12,1
DA:16,1
LF:4
LH:4
BRF:0
BRH:0
end_of_record
TN:
SF:/Users/johnson/development/coingecko/nft-manager-gh/src/store/settings/index.ts
FNF:0
FNH:0
DA:1,0
DA:2,0
DA:3,0
DA:4,0
DA:6,0
LF:5
LH:0
BRF:0
BRH:0
end_of_record
TN:
SF:/Users/johnson/development/coingecko/nft-manager-gh/src/store/settings/mutations.ts
FN:7,(anonymous_0)
FN:11,(anonymous_1)
FN:14,(anonymous_2)
FNF:3
FNH:3
FNDA:1,(anonymous_0)
FNDA:1,(anonymous_1)
FNDA:1,(anonymous_2)
DA:2,1
DA:8,1
DA:12,1
DA:15,1
DA:19,1
LF:5
LH:5
BRF:0
BRH:0
end_of_record
TN:
SF:/Users/johnson/development/coingecko/nft-manager-gh/src/store/settings/names.ts
FNF:0
FNH:0
DA:2,2
DA:6,2
DA:11,2
LF:3
LH:3
BRF:0
BRH:0
end_of_record
TN:
SF:/Users/johnson/development/coingecko/nft-manager-gh/src/store/settings/state.ts
FNF:0
FNH:0
DA:11,0
LF:1
LH:0
BRF:0
BRH:0
end_of_record
TN:
SF:/Users/johnson/development/coingecko/nft-manager-gh/src/store/web3/actions.ts
FNF:0
FNH:0
DA:1,1
DA:2,1
DA:7,1
DA:12,4
DA:14,2
DA:16,2
DA:18,2
DA:20,2
DA:21,2
DA:22,1
DA:23,1
DA:27,1
DA:32,2
DA:33,1
DA:34,1
DA:35,1
DA:36,1
DA:37,1
DA:39,0
DA:40,0
DA:41,0
DA:42,0
DA:46,0
DA:47,0
DA:48,0
DA:49,0
DA:51,0
DA:52,0
DA:53,0
DA:54,0
DA:57,1
DA:58,1
DA:59,1
DA:62,2
DA:63,2
DA:64,2
DA:68,1
LF:37
LH:25
BRDA:12,0,0,2
BRDA:12,0,1,0
BRF:2
BRH:1
end_of_record
TN:
SF:/Users/johnson/development/coingecko/nft-manager-gh/src/store/web3/getters.ts
FN:8,(anonymous_0)
FN:12,(anonymous_1)
FN:16,(anonymous_2)
FN:20,(anonymous_3)
FN:23,(anonymous_4)
FN:26,(anonymous_5)
FNF:6
FNH:5
FNDA:1,(anonymous_0)
FNDA:1,(anonymous_1)
FNDA:1,(anonymous_2)
FNDA:1,(anonymous_3)
FNDA:1,(anonymous_4)
FNDA:0,(anonymous_5)
DA:3,1
DA:9,1
DA:13,1
DA:17,1
DA:21,1
DA:24,1
DA:27,0
DA:31,1
LF:8
LH:7
BRF:0
BRH:0
end_of_record
TN:
SF:/Users/johnson/development/coingecko/nft-manager-gh/src/store/web3/index.ts
FNF:0
FNH:0
DA:1,0
DA:2,0
DA:3,0
DA:4,0
DA:6,0
LF:5
LH:0
BRF:0
BRH:0
end_of_record
TN:
SF:/Users/johnson/development/coingecko/nft-manager-gh/src/store/web3/mutations.ts
FN:8,(anonymous_0)
FN:12,(anonymous_1)
FN:16,(anonymous_2)
FN:20,(anonymous_3)
FN:23,(anonymous_4)
FNF:5
FNH:5
FNDA:3,(anonymous_0)
FNDA:5,(anonymous_1)
FNDA:5,(anonymous_2)
FNDA:4,(anonymous_3)
FNDA:4,(anonymous_4)
DA:1,2
DA:3,2
DA:9,3
DA:13,5
DA:17,5
DA:21,4
DA:24,4
DA:25,4
DA:29,2
LF:9
LH:9
BRDA:25,0,0,4
BRDA:25,0,1,3
BRF:2
BRH:2
end_of_record
TN:
SF:/Users/johnson/development/coingecko/nft-manager-gh/src/store/web3/names.ts
FNF:0
FNH:0
DA:2,3
DA:7,3
DA:16,3
LF:3
LH:3
BRF:0
BRH:0
end_of_record
TN:
SF:/Users/johnson/development/coingecko/nft-manager-gh/src/store/web3/state.ts
FNF:0
FNH:0
DA:19,1
LF:1
LH:1
BRF:0
BRH:0
end_of_record
TN:
SF:/Users/johnson/development/coingecko/nft-manager-gh/src/types/identicon.d.ts
FNF:0
FNH:0
LF:0
LH:0
BRF:0
BRH:0
end_of_record
TN:
SF:/Users/johnson/development/coingecko/nft-manager-gh/src/types/quasar.d.ts
FNF:0
FNH:0
LF:0
LH:0
BRF:0
BRH:0
end_of_record
